<?xml version="1.0" encoding="utf-8"?>
<shfbBuild product="Sandcastle Help File Builder" version="2015.1.12.0" projectFile="C:\Users\dakhanea\Documents\SeleniumUtilities.shfbproj" started="3/10/2017 3:02:52 PM">
<buildStep step="Initializing">
Finding tools...
The Sandcastle tools are located in &#39;C:\Program Files (x86)\EWSoftware\Sandcastle Help File Builder\&#39;
Locating components in the following folder(s):
   C:\Users\dakhanea\Documents
Using presentation style &#39;VS2013&#39; located in &#39;C:\Program Files (x86)\EWSoftware\Sandcastle Help File Builder\PresentationStyles\VS2013&#39;
Loading and initializing plug-ins...
Lightweight Website Style Version 2015.1.12.0
Copyright &#169; 2006-2015, Eric Woodruff, All Rights Reserved
Portions Copyright &#169; 2014, Sam Harwell, All Rights Reserved
</buildStep>
<buildStep step="ValidatingDocumentationSources">
Validating and copying documentation source information
Source: C:\StateFileTFS\State File\Main\QA\SGISWebAutomation\bin\Debug\SeleniumUtilities.dll
    Found assembly &#39;C:\StateFileTFS\State File\Main\QA\SGISWebAutomation\bin\Debug\SeleniumUtilities.dll&#39;
Source: C:\StateFileTFS\State File\Main\QA\SGISWebAutomation\bin\Debug\SeleniumUtilities.XML

Copying XML comments files
    C:\StateFileTFS\State File\Main\QA\SGISWebAutomation\bin\Debug\SeleniumUtilities.XML -&gt; C:\Users\dakhanea\Documents\Help\Working\SeleniumUtilities.XML
</buildStep>
<buildStep step="GenerateSharedContent">
Generating shared content files (en-US, English (United States))...
<plugIn name="Lightweight Website Style" behavior="After" priority="1000">
</plugIn>    Last step completed in 00:00:00.0030
</buildStep>
<buildStep step="GenerateApiFilter">
Generating API filter for MRefBuilder...
    Last step completed in 00:00:00.0010
</buildStep>
<buildStep step="GenerateReflectionInfo">
Generating reflection information...
[C:\WINDOWS\Microsoft.NET\Framework64\v4.0.30319\MSBuild.exe]
Build started 3/10/2017 3:02:52 PM.
Project &quot;C:\Users\dakhanea\Documents\Help\Working\GenerateRefInfo.proj&quot; on node 1 (default targets).
PrepareForBuild:
  Creating directory &quot;obj\Debug\&quot;.
GenerateRefInfo:
  MRefBuilder (v2015.1.12.0)
  Copyright c 2006-2015, Microsoft Corporation, All Rights Reserved.
  Portions Copyright c 2006-2014, Eric Woodruff, All Rights Reserved.
  Loaded 1 assemblies for reflection and 1 dependency assemblies.
  Wrote information on 1 namespaces, 2 types, and 83 members
  Copying file from &quot;reflection.org&quot; to &quot;reflection.all&quot;.
  XslTransform (v2015.1.12.0)
  Copyright c 2006-2015, Microsoft Corporation, All Rights Reserved.
  Portions Copyright c 2006-2014, Eric Woodruff, All Rights Reserved.
  Applying XSL transformation &#39;C:\Program Files (x86)\EWSoftware\Sandcastle Help File Builder\ProductionTransforms\MergeDuplicates.xsl&#39;.
Done Building Project &quot;C:\Users\dakhanea\Documents\Help\Working\GenerateRefInfo.proj&quot; (default targets).

Build succeeded.

Time Elapsed 00:00:01.02
    Last step completed in 00:00:01.2561
</buildStep>
<buildStep step="TransformReflectionInfo">
Transforming reflection output...
[C:\WINDOWS\Microsoft.NET\Framework64\v4.0.30319\MSBuild.exe]
Build started 3/10/2017 3:02:54 PM.
Project &quot;C:\Users\dakhanea\Documents\Help\Working\TransformManifest.proj&quot; on node 1 (default targets).
TransformManifest:
  XslTransform (v2015.1.12.0)
  Copyright c 2006-2015, Microsoft Corporation, All Rights Reserved.
  Portions Copyright c 2006-2014, Eric Woodruff, All Rights Reserved.
  Applying XSL transformation &#39;C:\Program Files (x86)\EWSoftware\Sandcastle Help File Builder\\ProductionTransforms\ApplyVSDocModel.xsl&#39;.
  Copying file from &quot;reflection.xml&quot; to &quot;reflection.nofilenames&quot;.
  XslTransform (v2015.1.12.0)
  Copyright c 2006-2015, Microsoft Corporation, All Rights Reserved.
  Portions Copyright c 2006-2014, Eric Woodruff, All Rights Reserved.
  Applying XSL transformation &#39;C:\Program Files (x86)\EWSoftware\Sandcastle Help File Builder\ProductionTransforms\AddFilenames.xsl&#39;.
  XslTransform (v2015.1.12.0)
  Copyright c 2006-2015, Microsoft Corporation, All Rights Reserved.
  Portions Copyright c 2006-2014, Eric Woodruff, All Rights Reserved.
  Applying XSL transformation &#39;C:\Program Files (x86)\EWSoftware\Sandcastle Help File Builder\ProductionTransforms\ReflectionToManifest.xsl&#39;.
Done Building Project &quot;C:\Users\dakhanea\Documents\Help\Working\TransformManifest.proj&quot; (default targets).

Build succeeded.

Time Elapsed 00:00:00.74
    Last step completed in 00:00:00.9711
</buildStep>
<buildStep step="GenerateNamespaceSummaries">
Generating namespace summary information...
    Last step completed in 00:00:00.0220
</buildStep>
<buildStep step="CopyAdditionalContent">
Copying additional content files...
No additional content to copy
    Last step completed in 00:00:00.0020
</buildStep>
<buildStep step="MergeTablesOfContents">
Merging conceptual and additional tables of contents...
    Last step completed in 00:00:00.0010
</buildStep>
<buildStep step="GenerateIntermediateTableOfContents">
Generating intermediate table of contents file...
[C:\WINDOWS\Microsoft.NET\Framework64\v4.0.30319\MSBuild.exe]
Build started 3/10/2017 3:02:55 PM.
Project &quot;C:\Users\dakhanea\Documents\Help\Working\GenerateIntermediateTOC.proj&quot; on node 1 (default targets).
GenerateIntermediateTOC:
  XslTransform (v2015.1.12.0)
  Copyright c 2006-2015, Microsoft Corporation, All Rights Reserved.
  Portions Copyright c 2006-2014, Eric Woodruff, All Rights Reserved.
  Applying XSL transformation &#39;C:\Program Files (x86)\EWSoftware\Sandcastle Help File Builder\\ProductionTransforms\CreateVSToc.xsl&#39;.
Done Building Project &quot;C:\Users\dakhanea\Documents\Help\Working\GenerateIntermediateTOC.proj&quot; (default targets).

Build succeeded.

Time Elapsed 00:00:00.48
Generating conceptual content intermediate TOC file...
    Last step completed in 00:00:00.7101
</buildStep>
<buildStep step="CreateBuildAssemblerConfigs">
Creating Sandcastle configuration files...
    sandcastle.config
    Last step completed in 00:00:00.1430
</buildStep>
<buildStep step="MergeCustomConfigs">
Merging custom build component configurations
C:\Users\dakhanea\Documents\Help\Working\sandcastle.config
    Last step completed in 00:00:00.0560
</buildStep>
<buildStep step="BuildReferenceTopics">
Building reference help topics...
[C:\WINDOWS\Microsoft.NET\Framework64\v4.0.30319\MSBuild.exe]
Build started 3/10/2017 3:02:55 PM.
Project &quot;C:\Users\dakhanea\Documents\Help\Working\BuildReferenceTopics.proj&quot; on node 1 (default targets).
BuildReferenceTopics:
  BuildAssembler (v2015.1.12.0)
  Copyright c 2006-2015, Microsoft Corporation, All Rights Reserved.
  Portions Copyright c 2006-2014, Eric Woodruff, All Rights Reserved.
  Loading configuration...
  ResolveReferenceLinksComponent: The MSDN content ID cache &#39;C:\Users\dakhanea\AppData\Local\EWSoftware\Sandcastle Help File Builder\Cache\MsdnContentId.cache&#39; does not exist yet.  All IDs will be looked up in this build which will slow it down.
  Processing topics...
BuildAssembler : warning : ShowMissingComponent: [N:SeleniumUtilities] Missing &lt;summary&gt; documentation [C:\Users\dakhanea\Documents\Help\Working\BuildReferenceTopics.proj]
BuildAssembler : warning : ShowMissingComponent: [T:SeleniumUtilities.DriverUtilities] Missing &lt;summary&gt; documentation [C:\Users\dakhanea\Documents\Help\Working\BuildReferenceTopics.proj]
BuildAssembler : warning : ResolveReferenceLinksComponent: [T:SeleniumUtilities.DriverUtilities] MSDN web service failed.  No further look ups will be performed for this build. [C:\Users\dakhanea\Documents\Help\Working\BuildReferenceTopics.proj]
BuildAssembler : warning : Reason: The remote name could not be resolved: &#39;services.msdn.microsoft.com&#39; [C:\Users\dakhanea\Documents\Help\Working\BuildReferenceTopics.proj]
BuildAssembler : warning : ResolveReferenceLinksComponent: [T:SeleniumUtilities.DriverUtilities] Unknown reference link target &#39;T:OpenQA.Selenium.Support.UI.WebDriverWait&#39;. [C:\Users\dakhanea\Documents\Help\Working\BuildReferenceTopics.proj]
BuildAssembler : warning : ResolveReferenceLinksComponent: [Methods.T:SeleniumUtilities.DriverUtilities] Unknown reference link target &#39;T:OpenQA.Selenium.Support.UI.WebDriverWait&#39;. [C:\Users\dakhanea\Documents\Help\Working\BuildReferenceTopics.proj]
BuildAssembler : warning : ShowMissingComponent: [M:SeleniumUtilities.DriverUtilities.ActionBuilder] Missing &lt;returns&gt; documentation [C:\Users\dakhanea\Documents\Help\Working\BuildReferenceTopics.proj]
BuildAssembler : warning : ResolveReferenceLinksComponent: [M:SeleniumUtilities.DriverUtilities.ActionBuilder] Unknown reference link target &#39;T:OpenQA.Selenium.Interactions.Actions&#39;. [C:\Users\dakhanea\Documents\Help\Working\BuildReferenceTopics.proj]
BuildAssembler : warning : ShowMissingComponent: [F:SeleniumUtilities.DriverUtilities.baseURL] Missing &lt;summary&gt; documentation [C:\Users\dakhanea\Documents\Help\Working\BuildReferenceTopics.proj]
BuildAssembler : warning : ShowMissingComponent: [F:SeleniumUtilities.DriverUtilities.browser] Missing &lt;summary&gt; documentation [C:\Users\dakhanea\Documents\Help\Working\BuildReferenceTopics.proj]
BuildAssembler : warning : ShowMissingComponent: [M:SeleniumUtilities.DriverUtilities.ClearTextIgnoringStaleElementException(OpenQA.Selenium.IWebElement,System.Int32)] Missing &lt;param name=&quot;Element&quot;/&gt; documentation [C:\Users\dakhanea\Documents\Help\Working\BuildReferenceTopics.proj]
BuildAssembler : warning : ShowMissingComponent: [M:SeleniumUtilities.DriverUtilities.ClearTextIgnoringStaleElementException(OpenQA.Selenium.IWebElement,System.Int32)] Missing &lt;param name=&quot;numberOfTries&quot;/&gt; documentation [C:\Users\dakhanea\Documents\Help\Working\BuildReferenceTopics.proj]
BuildAssembler : warning : ResolveReferenceLinksComponent: [M:SeleniumUtilities.DriverUtilities.ClearTextIgnoringStaleElementException(OpenQA.Selenium.IWebElement,System.Int32)] Unknown reference link target &#39;T:OpenQA.Selenium.IWebElement&#39;. [C:\Users\dakhanea\Documents\Help\Working\BuildReferenceTopics.proj]
BuildAssembler : warning : ShowMissingComponent: [M:SeleniumUtilities.DriverUtilities.ClickOnCellTextFromTable(System.String)] Missing &lt;param name=&quot;txtTOBeClicked&quot;/&gt; documentation [C:\Users\dakhanea\Documents\Help\Working\BuildReferenceTopics.proj]
BuildAssembler : warning : ShowMissingComponent: [M:SeleniumUtilities.DriverUtilities.ClickOnElement(OpenQA.Selenium.By)] Missing &lt;param name=&quot;locator&quot;/&gt; documentation [C:\Users\dakhanea\Documents\Help\Working\BuildReferenceTopics.proj]
BuildAssembler : warning : ResolveReferenceLinksComponent: [M:SeleniumUtilities.DriverUtilities.ClickOnElement(OpenQA.Selenium.By)] Unknown reference link target &#39;T:OpenQA.Selenium.By&#39;. [C:\Users\dakhanea\Documents\Help\Working\BuildReferenceTopics.proj]
BuildAssembler : warning : ShowMissingComponent: [M:SeleniumUtilities.DriverUtilities.ClickOnElementIgnoringStaleElementException(OpenQA.Selenium.IWebElement,System.Int32)] Missing &lt;param name=&quot;Element&quot;/&gt; documentation [C:\Users\dakhanea\Documents\Help\Working\BuildReferenceTopics.proj]
BuildAssembler : warning : ShowMissingComponent: [M:SeleniumUtilities.DriverUtilities.ClickOnElementIgnoringStaleElementException(OpenQA.Selenium.IWebElement,System.Int32)] Missing &lt;param name=&quot;numberOfTries&quot;/&gt; documentation [C:\Users\dakhanea\Documents\Help\Working\BuildReferenceTopics.proj]
BuildAssembler : warning : ResolveReferenceLinksComponent: [M:SeleniumUtilities.DriverUtilities.ClickOnElementIgnoringStaleElementException(OpenQA.Selenium.IWebElement,System.Int32)] Unknown reference link target &#39;T:OpenQA.Selenium.IWebElement&#39;. [C:\Users\dakhanea\Documents\Help\Working\BuildReferenceTopics.proj]
BuildAssembler : warning : ShowMissingComponent: [M:SeleniumUtilities.DriverUtilities.ClickOnSpecificCellFromTable(OpenQA.Selenium.By,System.Int32,System.Int32)] Missing &lt;summary&gt; documentation [C:\Users\dakhanea\Documents\Help\Working\BuildReferenceTopics.proj]
BuildAssembler : warning : ShowMissingComponent: [M:SeleniumUtilities.DriverUtilities.ClickOnSpecificCellFromTable(OpenQA.Selenium.By,System.Int32,System.Int32)] Missing &lt;param name=&quot;tableIdentifier&quot;/&gt; documentation [C:\Users\dakhanea\Documents\Help\Working\BuildReferenceTopics.proj]
BuildAssembler : warning : ShowMissingComponent: [M:SeleniumUtilities.DriverUtilities.ClickOnSpecificCellFromTable(OpenQA.Selenium.By,System.Int32,System.Int32)] Missing &lt;param name=&quot;rowIndex&quot;/&gt; documentation [C:\Users\dakhanea\Documents\Help\Working\BuildReferenceTopics.proj]
BuildAssembler : warning : ShowMissingComponent: [M:SeleniumUtilities.DriverUtilities.ClickOnSpecificCellFromTable(OpenQA.Selenium.By,System.Int32,System.Int32)] Missing &lt;param name=&quot;colIndex&quot;/&gt; documentation [C:\Users\dakhanea\Documents\Help\Working\BuildReferenceTopics.proj]
BuildAssembler : warning : ResolveReferenceLinksComponent: [M:SeleniumUtilities.DriverUtilities.ClickOnSpecificCellFromTable(OpenQA.Selenium.By,System.Int32,System.Int32)] Unknown reference link target &#39;T:OpenQA.Selenium.By&#39;. [C:\Users\dakhanea\Documents\Help\Working\BuildReferenceTopics.proj]
BuildAssembler : warning : ShowMissingComponent: [M:SeleniumUtilities.DriverUtilities.CloseAlertAndGetItsText] Missing &lt;returns&gt; documentation [C:\Users\dakhanea\Documents\Help\Working\BuildReferenceTopics.proj]
BuildAssembler : warning : ShowMissingComponent: [P:SeleniumUtilities.DriverUtilities.dateTimeStamp] Missing &lt;summary&gt; documentation [C:\Users\dakhanea\Documents\Help\Working\BuildReferenceTopics.proj]
BuildAssembler : warning : ShowMissingComponent: [M:SeleniumUtilities.DriverUtilities.DragAndDrop(OpenQA.Selenium.IWebElement,OpenQA.Selenium.IWebElement)] Missing &lt;summary&gt; documentation [C:\Users\dakhanea\Documents\Help\Working\BuildReferenceTopics.proj]
BuildAssembler : warning : ShowMissingComponent: [M:SeleniumUtilities.DriverUtilities.DragAndDrop(OpenQA.Selenium.IWebElement,OpenQA.Selenium.IWebElement)] Missing &lt;param name=&quot;sourceElement&quot;/&gt; documentation [C:\Users\dakhanea\Documents\Help\Working\BuildReferenceTopics.proj]
BuildAssembler : warning : ShowMissingComponent: [M:SeleniumUtilities.DriverUtilities.DragAndDrop(OpenQA.Selenium.IWebElement,OpenQA.Selenium.IWebElement)] Missing &lt;param name=&quot;destinationElement&quot;/&gt; documentation [C:\Users\dakhanea\Documents\Help\Working\BuildReferenceTopics.proj]
BuildAssembler : warning : ResolveReferenceLinksComponent: [M:SeleniumUtilities.DriverUtilities.DragAndDrop(OpenQA.Selenium.IWebElement,OpenQA.Selenium.IWebElement)] Unknown reference link target &#39;T:OpenQA.Selenium.IWebElement&#39;. [C:\Users\dakhanea\Documents\Help\Working\BuildReferenceTopics.proj]
BuildAssembler : warning : ResolveReferenceLinksComponent: [M:SeleniumUtilities.DriverUtilities.DragAndDrop(OpenQA.Selenium.IWebElement,OpenQA.Selenium.IWebElement)] Unknown reference link target &#39;T:OpenQA.Selenium.IWebElement&#39;. [C:\Users\dakhanea\Documents\Help\Working\BuildReferenceTopics.proj]
BuildAssembler : warning : ShowMissingComponent: [F:SeleniumUtilities.DriverUtilities.driver] Missing &lt;summary&gt; documentation [C:\Users\dakhanea\Documents\Help\Working\BuildReferenceTopics.proj]
BuildAssembler : warning : ResolveReferenceLinksComponent: [F:SeleniumUtilities.DriverUtilities.driver] Unknown reference link target &#39;T:OpenQA.Selenium.IWebDriver&#39;. [C:\Users\dakhanea\Documents\Help\Working\BuildReferenceTopics.proj]
BuildAssembler : warning : ShowMissingComponent: [M:SeleniumUtilities.DriverUtilities.Dropdown(OpenQA.Selenium.By)] Missing &lt;summary&gt; documentation [C:\Users\dakhanea\Documents\Help\Working\BuildReferenceTopics.proj]
BuildAssembler : warning : ShowMissingComponent: [M:SeleniumUtilities.DriverUtilities.Dropdown(OpenQA.Selenium.By)] Missing &lt;returns&gt; documentation [C:\Users\dakhanea\Documents\Help\Working\BuildReferenceTopics.proj]
BuildAssembler : warning : ShowMissingComponent: [M:SeleniumUtilities.DriverUtilities.Dropdown(OpenQA.Selenium.By)] Missing &lt;param name=&quot;selectDrpDwnLocator&quot;/&gt; documentation [C:\Users\dakhanea\Documents\Help\Working\BuildReferenceTopics.proj]
BuildAssembler : warning : ResolveReferenceLinksComponent: [M:SeleniumUtilities.DriverUtilities.Dropdown(OpenQA.Selenium.By)] Unknown reference link target &#39;T:OpenQA.Selenium.By&#39;. [C:\Users\dakhanea\Documents\Help\Working\BuildReferenceTopics.proj]
BuildAssembler : warning : ResolveReferenceLinksComponent: [M:SeleniumUtilities.DriverUtilities.Dropdown(OpenQA.Selenium.By)] Unknown reference link target &#39;T:OpenQA.Selenium.Support.UI.SelectElement&#39;. [C:\Users\dakhanea\Documents\Help\Working\BuildReferenceTopics.proj]
BuildAssembler : warning : ShowMissingComponent: [M:SeleniumUtilities.DriverUtilities.Dropdown(OpenQA.Selenium.IWebElement)] Missing &lt;param name=&quot;element&quot;/&gt; documentation [C:\Users\dakhanea\Documents\Help\Working\BuildReferenceTopics.proj]
BuildAssembler : warning : ResolveReferenceLinksComponent: [M:SeleniumUtilities.DriverUtilities.Dropdown(OpenQA.Selenium.IWebElement)] Unknown reference link target &#39;T:OpenQA.Selenium.IWebElement&#39;. [C:\Users\dakhanea\Documents\Help\Working\BuildReferenceTopics.proj]
BuildAssembler : warning : ResolveReferenceLinksComponent: [M:SeleniumUtilities.DriverUtilities.Dropdown(OpenQA.Selenium.IWebElement)] Unknown reference link target &#39;T:OpenQA.Selenium.Support.UI.SelectElement&#39;. [C:\Users\dakhanea\Documents\Help\Working\BuildReferenceTopics.proj]
BuildAssembler : warning : ShowMissingComponent: [M:SeleniumUtilities.DriverUtilities.EnterText(OpenQA.Selenium.By,System.String)] Missing &lt;param name=&quot;locator&quot;/&gt; documentation [C:\Users\dakhanea\Documents\Help\Working\BuildReferenceTopics.proj]
BuildAssembler : warning : ShowMissingComponent: [M:SeleniumUtilities.DriverUtilities.EnterText(OpenQA.Selenium.By,System.String)] Missing &lt;param name=&quot;requiredText&quot;/&gt; documentation [C:\Users\dakhanea\Documents\Help\Working\BuildReferenceTopics.proj]
BuildAssembler : warning : ResolveReferenceLinksComponent: [M:SeleniumUtilities.DriverUtilities.EnterText(OpenQA.Selenium.By,System.String)] Unknown reference link target &#39;T:OpenQA.Selenium.By&#39;. [C:\Users\dakhanea\Documents\Help\Working\BuildReferenceTopics.proj]
BuildAssembler : warning : ShowMissingComponent: [M:SeleniumUtilities.DriverUtilities.EnterTextIgnoringStaleElementException(OpenQA.Selenium.IWebElement,System.String,System.Int32)] Missing &lt;param name=&quot;Element&quot;/&gt; documentation [C:\Users\dakhanea\Documents\Help\Working\BuildReferenceTopics.proj]
BuildAssembler : warning : ShowMissingComponent: [M:SeleniumUtilities.DriverUtilities.EnterTextIgnoringStaleElementException(OpenQA.Selenium.IWebElement,System.String,System.Int32)] Missing &lt;param name=&quot;text&quot;/&gt; documentation [C:\Users\dakhanea\Documents\Help\Working\BuildReferenceTopics.proj]
BuildAssembler : warning : ShowMissingComponent: [M:SeleniumUtilities.DriverUtilities.EnterTextIgnoringStaleElementException(OpenQA.Selenium.IWebElement,System.String,System.Int32)] Missing &lt;param name=&quot;numberOfTries&quot;/&gt; documentation [C:\Users\dakhanea\Documents\Help\Working\BuildReferenceTopics.proj]
BuildAssembler : warning : ResolveReferenceLinksComponent: [M:SeleniumUtilities.DriverUtilities.EnterTextIgnoringStaleElementException(OpenQA.Selenium.IWebElement,System.String,System.Int32)] Unknown reference link target &#39;T:OpenQA.Selenium.IWebElement&#39;. [C:\Users\dakhanea\Documents\Help\Working\BuildReferenceTopics.proj]
BuildAssembler : warning : ShowMissingComponent: [M:SeleniumUtilities.DriverUtilities.FindElement(OpenQA.Selenium.By)] Missing &lt;summary&gt; documentation [C:\Users\dakhanea\Documents\Help\Working\BuildReferenceTopics.proj]
BuildAssembler : warning : ShowMissingComponent: [M:SeleniumUtilities.DriverUtilities.FindElement(OpenQA.Selenium.By)] Missing &lt;returns&gt; documentation [C:\Users\dakhanea\Documents\Help\Working\BuildReferenceTopics.proj]
BuildAssembler : warning : ShowMissingComponent: [M:SeleniumUtilities.DriverUtilities.FindElement(OpenQA.Selenium.By)] Missing &lt;param name=&quot;locator&quot;/&gt; documentation [C:\Users\dakhanea\Documents\Help\Working\BuildReferenceTopics.proj]
BuildAssembler : warning : ResolveReferenceLinksComponent: [M:SeleniumUtilities.DriverUtilities.FindElement(OpenQA.Selenium.By)] Unknown reference link target &#39;T:OpenQA.Selenium.By&#39;. [C:\Users\dakhanea\Documents\Help\Working\BuildReferenceTopics.proj]
BuildAssembler : warning : ResolveReferenceLinksComponent: [M:SeleniumUtilities.DriverUtilities.FindElement(OpenQA.Selenium.By)] Unknown reference link target &#39;T:OpenQA.Selenium.IWebElement&#39;. [C:\Users\dakhanea\Documents\Help\Working\BuildReferenceTopics.proj]
BuildAssembler : warning : ShowMissingComponent: [M:SeleniumUtilities.DriverUtilities.GetAllItemsToStringList(System.Collections.Generic.List{OpenQA.Selenium.IWebElement},System.String)] Missing &lt;returns&gt; documentation [C:\Users\dakhanea\Documents\Help\Working\BuildReferenceTopics.proj]
BuildAssembler : warning : ShowMissingComponent: [M:SeleniumUtilities.DriverUtilities.GetAllItemsToStringList(System.Collections.Generic.List{OpenQA.Selenium.IWebElement},System.String)] Missing &lt;param name=&quot;allElements&quot;/&gt; documentation [C:\Users\dakhanea\Documents\Help\Working\BuildReferenceTopics.proj]
BuildAssembler : warning : ShowMissingComponent: [M:SeleniumUtilities.DriverUtilities.GetAllItemsToStringList(System.Collections.Generic.List{OpenQA.Selenium.IWebElement},System.String)] Missing &lt;param name=&quot;textFromWhereToTrim&quot;/&gt; documentation [C:\Users\dakhanea\Documents\Help\Working\BuildReferenceTopics.proj]
BuildAssembler : warning : ResolveReferenceLinksComponent: [M:SeleniumUtilities.DriverUtilities.GetAllItemsToStringList(System.Collections.Generic.List{OpenQA.Selenium.IWebElement},System.String)] Unknown reference link target &#39;T:OpenQA.Selenium.IWebElement&#39;. [C:\Users\dakhanea\Documents\Help\Working\BuildReferenceTopics.proj]
BuildAssembler : warning : ShowMissingComponent: [M:SeleniumUtilities.DriverUtilities.GetAllItemsToStringListExcludingBlank(OpenQA.Selenium.By,System.String)] Missing &lt;returns&gt; documentation [C:\Users\dakhanea\Documents\Help\Working\BuildReferenceTopics.proj]
BuildAssembler : warning : ShowMissingComponent: [M:SeleniumUtilities.DriverUtilities.GetAllItemsToStringListExcludingBlank(OpenQA.Selenium.By,System.String)] Missing &lt;param name=&quot;locator&quot;/&gt; documentation [C:\Users\dakhanea\Documents\Help\Working\BuildReferenceTopics.proj]
BuildAssembler : warning : ShowMissingComponent: [M:SeleniumUtilities.DriverUtilities.GetAllItemsToStringListExcludingBlank(OpenQA.Selenium.By,System.String)] Missing &lt;param name=&quot;textFromWhereToTrim&quot;/&gt; documentation [C:\Users\dakhanea\Documents\Help\Working\BuildReferenceTopics.proj]
BuildAssembler : warning : ResolveReferenceLinksComponent: [M:SeleniumUtilities.DriverUtilities.GetAllItemsToStringListExcludingBlank(OpenQA.Selenium.By,System.String)] Unknown reference link target &#39;T:OpenQA.Selenium.By&#39;. [C:\Users\dakhanea\Documents\Help\Working\BuildReferenceTopics.proj]
BuildAssembler : warning : ShowMissingComponent: [M:SeleniumUtilities.DriverUtilities.GetAttributeValue(OpenQA.Selenium.By,System.String)] Missing &lt;returns&gt; documentation [C:\Users\dakhanea\Documents\Help\Working\BuildReferenceTopics.proj]
BuildAssembler : warning : ShowMissingComponent: [M:SeleniumUtilities.DriverUtilities.GetAttributeValue(OpenQA.Selenium.By,System.String)] Missing &lt;param name=&quot;locator&quot;/&gt; documentation [C:\Users\dakhanea\Documents\Help\Working\BuildReferenceTopics.proj]
BuildAssembler : warning : ShowMissingComponent: [M:SeleniumUtilities.DriverUtilities.GetAttributeValue(OpenQA.Selenium.By,System.String)] Missing &lt;param name=&quot;attributeName&quot;/&gt; documentation [C:\Users\dakhanea\Documents\Help\Working\BuildReferenceTopics.proj]
BuildAssembler : warning : ResolveReferenceLinksComponent: [M:SeleniumUtilities.DriverUtilities.GetAttributeValue(OpenQA.Selenium.By,System.String)] Unknown reference link target &#39;T:OpenQA.Selenium.By&#39;. [C:\Users\dakhanea\Documents\Help\Working\BuildReferenceTopics.proj]
BuildAssembler : warning : ShowMissingComponent: [M:SeleniumUtilities.DriverUtilities.GetCollection(OpenQA.Selenium.By)] Missing &lt;returns&gt; documentation [C:\Users\dakhanea\Documents\Help\Working\BuildReferenceTopics.proj]
BuildAssembler : warning : ShowMissingComponent: [M:SeleniumUtilities.DriverUtilities.GetCollection(OpenQA.Selenium.By)] Missing &lt;param name=&quot;locator&quot;/&gt; documentation [C:\Users\dakhanea\Documents\Help\Working\BuildReferenceTopics.proj]
BuildAssembler : warning : ResolveReferenceLinksComponent: [M:SeleniumUtilities.DriverUtilities.GetCollection(OpenQA.Selenium.By)] Unknown reference link target &#39;T:OpenQA.Selenium.By&#39;. [C:\Users\dakhanea\Documents\Help\Working\BuildReferenceTopics.proj]
BuildAssembler : warning : ResolveReferenceLinksComponent: [M:SeleniumUtilities.DriverUtilities.GetCollection(OpenQA.Selenium.By)] Unknown reference link target &#39;T:OpenQA.Selenium.IWebElement&#39;. [C:\Users\dakhanea\Documents\Help\Working\BuildReferenceTopics.proj]
BuildAssembler : warning : ShowMissingComponent: [M:SeleniumUtilities.DriverUtilities.GetCollectionFromPageToStringList(OpenQA.Selenium.By,System.String)] Missing &lt;returns&gt; documentation [C:\Users\dakhanea\Documents\Help\Working\BuildReferenceTopics.proj]
BuildAssembler : warning : ShowMissingComponent: [M:SeleniumUtilities.DriverUtilities.GetCollectionFromPageToStringList(OpenQA.Selenium.By,System.String)] Missing &lt;param name=&quot;locator&quot;/&gt; documentation [C:\Users\dakhanea\Documents\Help\Working\BuildReferenceTopics.proj]
BuildAssembler : warning : ShowMissingComponent: [M:SeleniumUtilities.DriverUtilities.GetCollectionFromPageToStringList(OpenQA.Selenium.By,System.String)] Missing &lt;param name=&quot;textFromWhereToTrim&quot;/&gt; documentation [C:\Users\dakhanea\Documents\Help\Working\BuildReferenceTopics.proj]
BuildAssembler : warning : ResolveReferenceLinksComponent: [M:SeleniumUtilities.DriverUtilities.GetCollectionFromPageToStringList(OpenQA.Selenium.By,System.String)] Unknown reference link target &#39;T:OpenQA.Selenium.By&#39;. [C:\Users\dakhanea\Documents\Help\Working\BuildReferenceTopics.proj]
BuildAssembler : warning : ShowMissingComponent: [M:SeleniumUtilities.DriverUtilities.GetCollectionFromPageToStringListWit(OpenQA.Selenium.By,System.String)] Missing &lt;summary&gt; documentation [C:\Users\dakhanea\Documents\Help\Working\BuildReferenceTopics.proj]
BuildAssembler : warning : ShowMissingComponent: [M:SeleniumUtilities.DriverUtilities.GetCollectionFromPageToStringListWit(OpenQA.Selenium.By,System.String)] Missing &lt;returns&gt; documentation [C:\Users\dakhanea\Documents\Help\Working\BuildReferenceTopics.proj]
BuildAssembler : warning : ShowMissingComponent: [M:SeleniumUtilities.DriverUtilities.GetCollectionFromPageToStringListWit(OpenQA.Selenium.By,System.String)] Missing &lt;param name=&quot;locator&quot;/&gt; documentation [C:\Users\dakhanea\Documents\Help\Working\BuildReferenceTopics.proj]
BuildAssembler : warning : ShowMissingComponent: [M:SeleniumUtilities.DriverUtilities.GetCollectionFromPageToStringListWit(OpenQA.Selenium.By,System.String)] Missing &lt;param name=&quot;textFromWhereToTrim&quot;/&gt; documentation [C:\Users\dakhanea\Documents\Help\Working\BuildReferenceTopics.proj]
BuildAssembler : warning : ResolveReferenceLinksComponent: [M:SeleniumUtilities.DriverUtilities.GetCollectionFromPageToStringListWit(OpenQA.Selenium.By,System.String)] Unknown reference link target &#39;T:OpenQA.Selenium.By&#39;. [C:\Users\dakhanea\Documents\Help\Working\BuildReferenceTopics.proj]
BuildAssembler : warning : ShowMissingComponent: [M:SeleniumUtilities.DriverUtilities.GetCollectionToList(OpenQA.Selenium.By)] Missing &lt;returns&gt; documentation [C:\Users\dakhanea\Documents\Help\Working\BuildReferenceTopics.proj]
BuildAssembler : warning : ShowMissingComponent: [M:SeleniumUtilities.DriverUtilities.GetCollectionToList(OpenQA.Selenium.By)] Missing &lt;param name=&quot;locator&quot;/&gt; documentation [C:\Users\dakhanea\Documents\Help\Working\BuildReferenceTopics.proj]
BuildAssembler : warning : ResolveReferenceLinksComponent: [M:SeleniumUtilities.DriverUtilities.GetCollectionToList(OpenQA.Selenium.By)] Unknown reference link target &#39;T:OpenQA.Selenium.By&#39;. [C:\Users\dakhanea\Documents\Help\Working\BuildReferenceTopics.proj]
BuildAssembler : warning : ResolveReferenceLinksComponent: [M:SeleniumUtilities.DriverUtilities.GetCollectionToList(OpenQA.Selenium.By)] Unknown reference link target &#39;T:OpenQA.Selenium.IWebElement&#39;. [C:\Users\dakhanea\Documents\Help\Working\BuildReferenceTopics.proj]
BuildAssembler : warning : ShowMissingComponent: [M:SeleniumUtilities.DriverUtilities.GetIndexOfRowContainingSpecificText(OpenQA.Selenium.By,System.String)] Missing &lt;returns&gt; documentation [C:\Users\dakhanea\Documents\Help\Working\BuildReferenceTopics.proj]
BuildAssembler : warning : ShowMissingComponent: [M:SeleniumUtilities.DriverUtilities.GetIndexOfRowContainingSpecificText(OpenQA.Selenium.By,System.String)] Missing &lt;param name=&quot;locatorForRows&quot;/&gt; documentation [C:\Users\dakhanea\Documents\Help\Working\BuildReferenceTopics.proj]
BuildAssembler : warning : ShowMissingComponent: [M:SeleniumUtilities.DriverUtilities.GetIndexOfRowContainingSpecificText(OpenQA.Selenium.By,System.String)] Missing &lt;param name=&quot;stringToBeSearched&quot;/&gt; documentation [C:\Users\dakhanea\Documents\Help\Working\BuildReferenceTopics.proj]
BuildAssembler : warning : ResolveReferenceLinksComponent: [M:SeleniumUtilities.DriverUtilities.GetIndexOfRowContainingSpecificText(OpenQA.Selenium.By,System.String)] Unknown reference link target &#39;T:OpenQA.Selenium.By&#39;. [C:\Users\dakhanea\Documents\Help\Working\BuildReferenceTopics.proj]
BuildAssembler : warning : ShowMissingComponent: [M:SeleniumUtilities.DriverUtilities.GetIndexOfTableRowContainingSpecificText(OpenQA.Selenium.By,System.String)] Missing &lt;returns&gt; documentation [C:\Users\dakhanea\Documents\Help\Working\BuildReferenceTopics.proj]
BuildAssembler : warning : ShowMissingComponent: [M:SeleniumUtilities.DriverUtilities.GetIndexOfTableRowContainingSpecificText(OpenQA.Selenium.By,System.String)] Missing &lt;param name=&quot;tableIdentifier&quot;/&gt; documentation [C:\Users\dakhanea\Documents\Help\Working\BuildReferenceTopics.proj]
BuildAssembler : warning : ShowMissingComponent: [M:SeleniumUtilities.DriverUtilities.GetIndexOfTableRowContainingSpecificText(OpenQA.Selenium.By,System.String)] Missing &lt;param name=&quot;stringToBeSearched&quot;/&gt; documentation [C:\Users\dakhanea\Documents\Help\Working\BuildReferenceTopics.proj]
BuildAssembler : warning : ResolveReferenceLinksComponent: [M:SeleniumUtilities.DriverUtilities.GetIndexOfTableRowContainingSpecificText(OpenQA.Selenium.By,System.String)] Unknown reference link target &#39;T:OpenQA.Selenium.By&#39;. [C:\Users\dakhanea\Documents\Help\Working\BuildReferenceTopics.proj]
BuildAssembler : warning : ShowMissingComponent: [M:SeleniumUtilities.DriverUtilities.GetIwebElementTextToStringList(OpenQA.Selenium.By)] Missing &lt;returns&gt; documentation [C:\Users\dakhanea\Documents\Help\Working\BuildReferenceTopics.proj]
BuildAssembler : warning : ShowMissingComponent: [M:SeleniumUtilities.DriverUtilities.GetIwebElementTextToStringList(OpenQA.Selenium.By)] Missing &lt;param name=&quot;locator&quot;/&gt; documentation [C:\Users\dakhanea\Documents\Help\Working\BuildReferenceTopics.proj]
BuildAssembler : warning : ResolveReferenceLinksComponent: [M:SeleniumUtilities.DriverUtilities.GetIwebElementTextToStringList(OpenQA.Selenium.By)] Unknown reference link target &#39;T:OpenQA.Selenium.By&#39;. [C:\Users\dakhanea\Documents\Help\Working\BuildReferenceTopics.proj]
BuildAssembler : warning : ShowMissingComponent: [M:SeleniumUtilities.DriverUtilities.GetNumberOfRowsInTable(OpenQA.Selenium.By)] Missing &lt;returns&gt; documentation [C:\Users\dakhanea\Documents\Help\Working\BuildReferenceTopics.proj]
BuildAssembler : warning : ShowMissingComponent: [M:SeleniumUtilities.DriverUtilities.GetNumberOfRowsInTable(OpenQA.Selenium.By)] Missing &lt;param name=&quot;tableLocator&quot;/&gt; documentation [C:\Users\dakhanea\Documents\Help\Working\BuildReferenceTopics.proj]
BuildAssembler : warning : ResolveReferenceLinksComponent: [M:SeleniumUtilities.DriverUtilities.GetNumberOfRowsInTable(OpenQA.Selenium.By)] Unknown reference link target &#39;T:OpenQA.Selenium.By&#39;. [C:\Users\dakhanea\Documents\Help\Working\BuildReferenceTopics.proj]
BuildAssembler : warning : ShowMissingComponent: [M:SeleniumUtilities.DriverUtilities.GetNumberOfRowsInTable(OpenQA.Selenium.IWebElement)] Missing &lt;returns&gt; documentation [C:\Users\dakhanea\Documents\Help\Working\BuildReferenceTopics.proj]
BuildAssembler : warning : ShowMissingComponent: [M:SeleniumUtilities.DriverUtilities.GetNumberOfRowsInTable(OpenQA.Selenium.IWebElement)] Missing &lt;param name=&quot;tableElement&quot;/&gt; documentation [C:\Users\dakhanea\Documents\Help\Working\BuildReferenceTopics.proj]
BuildAssembler : warning : ResolveReferenceLinksComponent: [M:SeleniumUtilities.DriverUtilities.GetNumberOfRowsInTable(OpenQA.Selenium.IWebElement)] Unknown reference link target &#39;T:OpenQA.Selenium.IWebElement&#39;. [C:\Users\dakhanea\Documents\Help\Working\BuildReferenceTopics.proj]
BuildAssembler : warning : ShowMissingComponent: [M:SeleniumUtilities.DriverUtilities.GetText(OpenQA.Selenium.By)] Missing &lt;param name=&quot;locator&quot;/&gt; documentation [C:\Users\dakhanea\Documents\Help\Working\BuildReferenceTopics.proj]
BuildAssembler : warning : ResolveReferenceLinksComponent: [M:SeleniumUtilities.DriverUtilities.GetText(OpenQA.Selenium.By)] Unknown reference link target &#39;T:OpenQA.Selenium.By&#39;. [C:\Users\dakhanea\Documents\Help\Working\BuildReferenceTopics.proj]
BuildAssembler : warning : ShowMissingComponent: [M:SeleniumUtilities.DriverUtilities.GetValueFromSpecificCellFromTable(OpenQA.Selenium.By,System.Int32,System.Int32)] Missing &lt;returns&gt; documentation [C:\Users\dakhanea\Documents\Help\Working\BuildReferenceTopics.proj]
BuildAssembler : warning : ShowMissingComponent: [M:SeleniumUtilities.DriverUtilities.GetValueFromSpecificCellFromTable(OpenQA.Selenium.By,System.Int32,System.Int32)] Missing &lt;param name=&quot;tableIdentifier&quot;/&gt; documentation [C:\Users\dakhanea\Documents\Help\Working\BuildReferenceTopics.proj]
BuildAssembler : warning : ShowMissingComponent: [M:SeleniumUtilities.DriverUtilities.GetValueFromSpecificCellFromTable(OpenQA.Selenium.By,System.Int32,System.Int32)] Missing &lt;param name=&quot;rowIndex&quot;/&gt; documentation [C:\Users\dakhanea\Documents\Help\Working\BuildReferenceTopics.proj]
BuildAssembler : warning : ShowMissingComponent: [M:SeleniumUtilities.DriverUtilities.GetValueFromSpecificCellFromTable(OpenQA.Selenium.By,System.Int32,System.Int32)] Missing &lt;param name=&quot;columnIndex&quot;/&gt; documentation [C:\Users\dakhanea\Documents\Help\Working\BuildReferenceTopics.proj]
BuildAssembler : warning : ResolveReferenceLinksComponent: [M:SeleniumUtilities.DriverUtilities.GetValueFromSpecificCellFromTable(OpenQA.Selenium.By,System.Int32,System.Int32)] Unknown reference link target &#39;T:OpenQA.Selenium.By&#39;. [C:\Users\dakhanea\Documents\Help\Working\BuildReferenceTopics.proj]
BuildAssembler : warning : ShowMissingComponent: [M:SeleniumUtilities.DriverUtilities.GetValueFromSpecificCellFromTable(OpenQA.Selenium.IWebElement,System.Int32,System.Int32)] Missing &lt;returns&gt; documentation [C:\Users\dakhanea\Documents\Help\Working\BuildReferenceTopics.proj]
BuildAssembler : warning : ShowMissingComponent: [M:SeleniumUtilities.DriverUtilities.GetValueFromSpecificCellFromTable(OpenQA.Selenium.IWebElement,System.Int32,System.Int32)] Missing &lt;param name=&quot;tableIdentifier&quot;/&gt; documentation [C:\Users\dakhanea\Documents\Help\Working\BuildReferenceTopics.proj]
BuildAssembler : warning : ShowMissingComponent: [M:SeleniumUtilities.DriverUtilities.GetValueFromSpecificCellFromTable(OpenQA.Selenium.IWebElement,System.Int32,System.Int32)] Missing &lt;param name=&quot;rowIndex&quot;/&gt; documentation [C:\Users\dakhanea\Documents\Help\Working\BuildReferenceTopics.proj]
BuildAssembler : warning : ShowMissingComponent: [M:SeleniumUtilities.DriverUtilities.GetValueFromSpecificCellFromTable(OpenQA.Selenium.IWebElement,System.Int32,System.Int32)] Missing &lt;param name=&quot;columnIndex&quot;/&gt; documentation [C:\Users\dakhanea\Documents\Help\Working\BuildReferenceTopics.proj]
BuildAssembler : warning : ResolveReferenceLinksComponent: [M:SeleniumUtilities.DriverUtilities.GetValueFromSpecificCellFromTable(OpenQA.Selenium.IWebElement,System.Int32,System.Int32)] Unknown reference link target &#39;T:OpenQA.Selenium.IWebElement&#39;. [C:\Users\dakhanea\Documents\Help\Working\BuildReferenceTopics.proj]
BuildAssembler : warning : ShowMissingComponent: [M:SeleniumUtilities.DriverUtilities.GetValuesOfColumnFromTable(OpenQA.Selenium.IWebElement,System.String)] Missing &lt;returns&gt; documentation [C:\Users\dakhanea\Documents\Help\Working\BuildReferenceTopics.proj]
BuildAssembler : warning : ShowMissingComponent: [M:SeleniumUtilities.DriverUtilities.GetValuesOfColumnFromTable(OpenQA.Selenium.IWebElement,System.String)] Missing &lt;param name=&quot;tableIdentifier&quot;/&gt; documentation [C:\Users\dakhanea\Documents\Help\Working\BuildReferenceTopics.proj]
BuildAssembler : warning : ShowMissingComponent: [M:SeleniumUtilities.DriverUtilities.GetValuesOfColumnFromTable(OpenQA.Selenium.IWebElement,System.String)] Missing &lt;param name=&quot;columnName&quot;/&gt; documentation [C:\Users\dakhanea\Documents\Help\Working\BuildReferenceTopics.proj]
BuildAssembler : warning : ResolveReferenceLinksComponent: [M:SeleniumUtilities.DriverUtilities.GetValuesOfColumnFromTable(OpenQA.Selenium.IWebElement,System.String)] Unknown reference link target &#39;T:OpenQA.Selenium.IWebElement&#39;. [C:\Users\dakhanea\Documents\Help\Working\BuildReferenceTopics.proj]
BuildAssembler : warning : ShowMissingComponent: [M:SeleniumUtilities.DriverUtilities.GetValuesOfSpecificColumnFromTable(OpenQA.Selenium.By,System.Int32)] Missing &lt;returns&gt; documentation [C:\Users\dakhanea\Documents\Help\Working\BuildReferenceTopics.proj]
BuildAssembler : warning : ShowMissingComponent: [M:SeleniumUtilities.DriverUtilities.GetValuesOfSpecificColumnFromTable(OpenQA.Selenium.By,System.Int32)] Missing &lt;param name=&quot;tableIdentifier&quot;/&gt; documentation [C:\Users\dakhanea\Documents\Help\Working\BuildReferenceTopics.proj]
BuildAssembler : warning : ShowMissingComponent: [M:SeleniumUtilities.DriverUtilities.GetValuesOfSpecificColumnFromTable(OpenQA.Selenium.By,System.Int32)] Missing &lt;param name=&quot;columnNumber&quot;/&gt; documentation [C:\Users\dakhanea\Documents\Help\Working\BuildReferenceTopics.proj]
BuildAssembler : warning : ResolveReferenceLinksComponent: [M:SeleniumUtilities.DriverUtilities.GetValuesOfSpecificColumnFromTable(OpenQA.Selenium.By,System.Int32)] Unknown reference link target &#39;T:OpenQA.Selenium.By&#39;. [C:\Users\dakhanea\Documents\Help\Working\BuildReferenceTopics.proj]
BuildAssembler : warning : ShowMissingComponent: [M:SeleniumUtilities.DriverUtilities.GetValuesOfSpecificColumnFromTable(OpenQA.Selenium.IWebElement,System.Int32)] Missing &lt;returns&gt; documentation [C:\Users\dakhanea\Documents\Help\Working\BuildReferenceTopics.proj]
BuildAssembler : warning : ShowMissingComponent: [M:SeleniumUtilities.DriverUtilities.GetValuesOfSpecificColumnFromTable(OpenQA.Selenium.IWebElement,System.Int32)] Missing &lt;param name=&quot;tableIdentifier&quot;/&gt; documentation [C:\Users\dakhanea\Documents\Help\Working\BuildReferenceTopics.proj]
BuildAssembler : warning : ShowMissingComponent: [M:SeleniumUtilities.DriverUtilities.GetValuesOfSpecificColumnFromTable(OpenQA.Selenium.IWebElement,System.Int32)] Missing &lt;param name=&quot;columnNumber&quot;/&gt; documentation [C:\Users\dakhanea\Documents\Help\Working\BuildReferenceTopics.proj]
BuildAssembler : warning : ResolveReferenceLinksComponent: [M:SeleniumUtilities.DriverUtilities.GetValuesOfSpecificColumnFromTable(OpenQA.Selenium.IWebElement,System.Int32)] Unknown reference link target &#39;T:OpenQA.Selenium.IWebElement&#39;. [C:\Users\dakhanea\Documents\Help\Working\BuildReferenceTopics.proj]
BuildAssembler : warning : ShowMissingComponent: [M:SeleniumUtilities.DriverUtilities.HandleNotNullInnerException(System.Exception)] Missing &lt;param name=&quot;exp&quot;/&gt; documentation [C:\Users\dakhanea\Documents\Help\Working\BuildReferenceTopics.proj]
BuildAssembler : warning : ShowMissingComponent: [M:SeleniumUtilities.DriverUtilities.HandleNullInnerException(System.Exception)] Missing &lt;param name=&quot;exp&quot;/&gt; documentation [C:\Users\dakhanea\Documents\Help\Working\BuildReferenceTopics.proj]
BuildAssembler : warning : ShowMissingComponent: [M:SeleniumUtilities.DriverUtilities.ImplicitWait(System.Int32)] Missing &lt;param name=&quot;seconds&quot;/&gt; documentation [C:\Users\dakhanea\Documents\Help\Working\BuildReferenceTopics.proj]
BuildAssembler : warning : ShowMissingComponent: [M:SeleniumUtilities.DriverUtilities.IsAlertPresent] Missing &lt;returns&gt; documentation [C:\Users\dakhanea\Documents\Help\Working\BuildReferenceTopics.proj]
BuildAssembler : warning : ShowMissingComponent: [M:SeleniumUtilities.DriverUtilities.IsElementPresent(OpenQA.Selenium.By)] Missing &lt;param name=&quot;by&quot;/&gt; documentation [C:\Users\dakhanea\Documents\Help\Working\BuildReferenceTopics.proj]
BuildAssembler : warning : ResolveReferenceLinksComponent: [M:SeleniumUtilities.DriverUtilities.IsElementPresent(OpenQA.Selenium.By)] Unknown reference link target &#39;T:OpenQA.Selenium.By&#39;. [C:\Users\dakhanea\Documents\Help\Working\BuildReferenceTopics.proj]
BuildAssembler : warning : ShowMissingComponent: [M:SeleniumUtilities.DriverUtilities.IsElementPresent(OpenQA.Selenium.IWebElement)] Missing &lt;returns&gt; documentation [C:\Users\dakhanea\Documents\Help\Working\BuildReferenceTopics.proj]
BuildAssembler : warning : ShowMissingComponent: [M:SeleniumUtilities.DriverUtilities.IsElementPresent(OpenQA.Selenium.IWebElement)] Missing &lt;param name=&quot;element&quot;/&gt; documentation [C:\Users\dakhanea\Documents\Help\Working\BuildReferenceTopics.proj]
BuildAssembler : warning : ResolveReferenceLinksComponent: [M:SeleniumUtilities.DriverUtilities.IsElementPresent(OpenQA.Selenium.IWebElement)] Unknown reference link target &#39;T:OpenQA.Selenium.IWebElement&#39;. [C:\Users\dakhanea\Documents\Help\Working\BuildReferenceTopics.proj]
BuildAssembler : warning : ShowMissingComponent: [M:SeleniumUtilities.DriverUtilities.JsClick(System.String)] Missing &lt;param name=&quot;identifier&quot;/&gt; documentation [C:\Users\dakhanea\Documents\Help\Working\BuildReferenceTopics.proj]
BuildAssembler : warning : ShowMissingComponent: [M:SeleniumUtilities.DriverUtilities.JsExecutor] Missing &lt;returns&gt; documentation [C:\Users\dakhanea\Documents\Help\Working\BuildReferenceTopics.proj]
BuildAssembler : warning : ResolveReferenceLinksComponent: [M:SeleniumUtilities.DriverUtilities.JsExecutor] Unknown reference link target &#39;T:OpenQA.Selenium.IJavaScriptExecutor&#39;. [C:\Users\dakhanea\Documents\Help\Working\BuildReferenceTopics.proj]
BuildAssembler : warning : ShowMissingComponent: [M:SeleniumUtilities.DriverUtilities.JsScrollTillEnd] Missing &lt;summary&gt; documentation [C:\Users\dakhanea\Documents\Help\Working\BuildReferenceTopics.proj]
BuildAssembler : warning : ShowMissingComponent: [M:SeleniumUtilities.DriverUtilities.JsScrollTillPoint(System.String,System.String)] Missing &lt;param name=&quot;xCordinate&quot;/&gt; documentation [C:\Users\dakhanea\Documents\Help\Working\BuildReferenceTopics.proj]
BuildAssembler : warning : ShowMissingComponent: [M:SeleniumUtilities.DriverUtilities.JsScrollTillPoint(System.String,System.String)] Missing &lt;param name=&quot;yCordinate&quot;/&gt; documentation [C:\Users\dakhanea\Documents\Help\Working\BuildReferenceTopics.proj]
BuildAssembler : warning : ShowMissingComponent: [M:SeleniumUtilities.DriverUtilities.JsScrollToTop] Missing &lt;summary&gt; documentation [C:\Users\dakhanea\Documents\Help\Working\BuildReferenceTopics.proj]
BuildAssembler : warning : ShowMissingComponent: [M:SeleniumUtilities.DriverUtilities.LoginWithDifferentUser(System.String,System.String,System.String,System.String)] Missing &lt;param name=&quot;siteUrl&quot;/&gt; documentation [C:\Users\dakhanea\Documents\Help\Working\BuildReferenceTopics.proj]
BuildAssembler : warning : ShowMissingComponent: [M:SeleniumUtilities.DriverUtilities.LoginWithDifferentUser(System.String,System.String,System.String,System.String)] Missing &lt;param name=&quot;domainName&quot;/&gt; documentation [C:\Users\dakhanea\Documents\Help\Working\BuildReferenceTopics.proj]
BuildAssembler : warning : ShowMissingComponent: [M:SeleniumUtilities.DriverUtilities.LoginWithDifferentUser(System.String,System.String,System.String,System.String)] Missing &lt;param name=&quot;userName&quot;/&gt; documentation [C:\Users\dakhanea\Documents\Help\Working\BuildReferenceTopics.proj]
BuildAssembler : warning : ShowMissingComponent: [M:SeleniumUtilities.DriverUtilities.LoginWithDifferentUser(System.String,System.String,System.String,System.String)] Missing &lt;param name=&quot;passWord&quot;/&gt; documentation [C:\Users\dakhanea\Documents\Help\Working\BuildReferenceTopics.proj]
BuildAssembler : warning : ShowMissingComponent: [M:SeleniumUtilities.DriverUtilities.ManageFailure(System.Exception)] Missing &lt;param name=&quot;exp&quot;/&gt; documentation [C:\Users\dakhanea\Documents\Help\Working\BuildReferenceTopics.proj]
BuildAssembler : warning : ShowMissingComponent: [M:SeleniumUtilities.DriverUtilities.MoveCursor(System.Int32,System.Int32)] Missing &lt;param name=&quot;Xcoordinate&quot;/&gt; documentation [C:\Users\dakhanea\Documents\Help\Working\BuildReferenceTopics.proj]
BuildAssembler : warning : ShowMissingComponent: [M:SeleniumUtilities.DriverUtilities.MoveCursor(System.Int32,System.Int32)] Missing &lt;param name=&quot;Ycoordinate&quot;/&gt; documentation [C:\Users\dakhanea\Documents\Help\Working\BuildReferenceTopics.proj]
BuildAssembler : warning : ShowMissingComponent: [M:SeleniumUtilities.DriverUtilities.NavigateToURL(System.String)] Missing &lt;param name=&quot;url&quot;/&gt; documentation [C:\Users\dakhanea\Documents\Help\Working\BuildReferenceTopics.proj]
BuildAssembler : warning : ShowMissingComponent: [M:SeleniumUtilities.DriverUtilities.PrintStringList(System.Collections.Generic.List{System.String})] Missing &lt;summary&gt; documentation [C:\Users\dakhanea\Documents\Help\Working\BuildReferenceTopics.proj]
BuildAssembler : warning : ShowMissingComponent: [M:SeleniumUtilities.DriverUtilities.PrintStringList(System.Collections.Generic.List{System.String})] Missing &lt;param name=&quot;listName&quot;/&gt; documentation [C:\Users\dakhanea\Documents\Help\Working\BuildReferenceTopics.proj]
BuildAssembler : warning : ShowMissingComponent: [M:SeleniumUtilities.DriverUtilities.SelectFromDrpDwnIgnoringStaleElementException(OpenQA.Selenium.IWebElement,System.String,System.Int32)] Missing &lt;param name=&quot;Element&quot;/&gt; documentation [C:\Users\dakhanea\Documents\Help\Working\BuildReferenceTopics.proj]
BuildAssembler : warning : ShowMissingComponent: [M:SeleniumUtilities.DriverUtilities.SelectFromDrpDwnIgnoringStaleElementException(OpenQA.Selenium.IWebElement,System.String,System.Int32)] Missing &lt;param name=&quot;option&quot;/&gt; documentation [C:\Users\dakhanea\Documents\Help\Working\BuildReferenceTopics.proj]
BuildAssembler : warning : ShowMissingComponent: [M:SeleniumUtilities.DriverUtilities.SelectFromDrpDwnIgnoringStaleElementException(OpenQA.Selenium.IWebElement,System.String,System.Int32)] Missing &lt;param name=&quot;numberOfTries&quot;/&gt; documentation [C:\Users\dakhanea\Documents\Help\Working\BuildReferenceTopics.proj]
BuildAssembler : warning : ResolveReferenceLinksComponent: [M:SeleniumUtilities.DriverUtilities.SelectFromDrpDwnIgnoringStaleElementException(OpenQA.Selenium.IWebElement,System.String,System.Int32)] Unknown reference link target &#39;T:OpenQA.Selenium.IWebElement&#39;. [C:\Users\dakhanea\Documents\Help\Working\BuildReferenceTopics.proj]
BuildAssembler : warning : ShowMissingComponent: [M:SeleniumUtilities.DriverUtilities.SelectFromListDropDown(System.Collections.Generic.IList{OpenQA.Selenium.IWebElement},System.String)] Missing &lt;param name=&quot;IWebElementsCollection&quot;/&gt; documentation [C:\Users\dakhanea\Documents\Help\Working\BuildReferenceTopics.proj]
BuildAssembler : warning : ShowMissingComponent: [M:SeleniumUtilities.DriverUtilities.SelectFromListDropDown(System.Collections.Generic.IList{OpenQA.Selenium.IWebElement},System.String)] Missing &lt;param name=&quot;itemName&quot;/&gt; documentation [C:\Users\dakhanea\Documents\Help\Working\BuildReferenceTopics.proj]
BuildAssembler : warning : ResolveReferenceLinksComponent: [M:SeleniumUtilities.DriverUtilities.SelectFromListDropDown(System.Collections.Generic.IList{OpenQA.Selenium.IWebElement},System.String)] Unknown reference link target &#39;T:OpenQA.Selenium.IWebElement&#39;. [C:\Users\dakhanea\Documents\Help\Working\BuildReferenceTopics.proj]
BuildAssembler : warning : ShowMissingComponent: [M:SeleniumUtilities.DriverUtilities.SelectFromListDrpDwnIgnoringStaleElementException(System.Collections.Generic.IList{OpenQA.Selenium.IWebElement},System.String,System.Int32)] Missing &lt;param name=&quot;IWebElementsCollection&quot;/&gt; documentation [C:\Users\dakhanea\Documents\Help\Working\BuildReferenceTopics.proj]
BuildAssembler : warning : ShowMissingComponent: [M:SeleniumUtilities.DriverUtilities.SelectFromListDrpDwnIgnoringStaleElementException(System.Collections.Generic.IList{OpenQA.Selenium.IWebElement},System.String,System.Int32)] Missing &lt;param name=&quot;itemName&quot;/&gt; documentation [C:\Users\dakhanea\Documents\Help\Working\BuildReferenceTopics.proj]
BuildAssembler : warning : ShowMissingComponent: [M:SeleniumUtilities.DriverUtilities.SelectFromListDrpDwnIgnoringStaleElementException(System.Collections.Generic.IList{OpenQA.Selenium.IWebElement},System.String,System.Int32)] Missing &lt;param name=&quot;numberOfTries&quot;/&gt; documentation [C:\Users\dakhanea\Documents\Help\Working\BuildReferenceTopics.proj]
BuildAssembler : warning : ResolveReferenceLinksComponent: [M:SeleniumUtilities.DriverUtilities.SelectFromListDrpDwnIgnoringStaleElementException(System.Collections.Generic.IList{OpenQA.Selenium.IWebElement},System.String,System.Int32)] Unknown reference link target &#39;T:OpenQA.Selenium.IWebElement&#39;. [C:\Users\dakhanea\Documents\Help\Working\BuildReferenceTopics.proj]
BuildAssembler : warning : ShowMissingComponent: [M:SeleniumUtilities.DriverUtilities.SetfocusAndClickOnIWebElement(OpenQA.Selenium.IWebElement)] Missing &lt;param name=&quot;element&quot;/&gt; documentation [C:\Users\dakhanea\Documents\Help\Working\BuildReferenceTopics.proj]
BuildAssembler : warning : ResolveReferenceLinksComponent: [M:SeleniumUtilities.DriverUtilities.SetfocusAndClickOnIWebElement(OpenQA.Selenium.IWebElement)] Unknown reference link target &#39;T:OpenQA.Selenium.IWebElement&#39;. [C:\Users\dakhanea\Documents\Help\Working\BuildReferenceTopics.proj]
BuildAssembler : warning : ShowMissingComponent: [M:SeleniumUtilities.DriverUtilities.SetfocusOnIWebElement(OpenQA.Selenium.IWebElement)] Missing &lt;param name=&quot;element&quot;/&gt; documentation [C:\Users\dakhanea\Documents\Help\Working\BuildReferenceTopics.proj]
BuildAssembler : warning : ResolveReferenceLinksComponent: [M:SeleniumUtilities.DriverUtilities.SetfocusOnIWebElement(OpenQA.Selenium.IWebElement)] Unknown reference link target &#39;T:OpenQA.Selenium.IWebElement&#39;. [C:\Users\dakhanea\Documents\Help\Working\BuildReferenceTopics.proj]
BuildAssembler : warning : ShowMissingComponent: [M:SeleniumUtilities.DriverUtilities.SplitEachItemInStringCollectionAndAddtoList(System.Collections.Generic.List{System.String},System.String[])] Missing &lt;summary&gt; documentation [C:\Users\dakhanea\Documents\Help\Working\BuildReferenceTopics.proj]
BuildAssembler : warning : ShowMissingComponent: [M:SeleniumUtilities.DriverUtilities.SplitEachItemInStringCollectionAndAddtoList(System.Collections.Generic.List{System.String},System.String[])] Missing &lt;returns&gt; documentation [C:\Users\dakhanea\Documents\Help\Working\BuildReferenceTopics.proj]
BuildAssembler : warning : ShowMissingComponent: [M:SeleniumUtilities.DriverUtilities.SplitEachItemInStringCollectionAndAddtoList(System.Collections.Generic.List{System.String},System.String[])] Missing &lt;param name=&quot;collection&quot;/&gt; documentation [C:\Users\dakhanea\Documents\Help\Working\BuildReferenceTopics.proj]
BuildAssembler : warning : ShowMissingComponent: [M:SeleniumUtilities.DriverUtilities.SplitEachItemInStringCollectionAndAddtoList(System.Collections.Generic.List{System.String},System.String[])] Missing &lt;param name=&quot;splitByCharacter&quot;/&gt; documentation [C:\Users\dakhanea\Documents\Help\Working\BuildReferenceTopics.proj]
BuildAssembler : warning : ShowMissingComponent: [F:SeleniumUtilities.DriverUtilities.stateCode] Missing &lt;summary&gt; documentation [C:\Users\dakhanea\Documents\Help\Working\BuildReferenceTopics.proj]
BuildAssembler : warning : ShowMissingComponent: [F:SeleniumUtilities.DriverUtilities.stateName] Missing &lt;summary&gt; documentation [C:\Users\dakhanea\Documents\Help\Working\BuildReferenceTopics.proj]
BuildAssembler : warning : ShowMissingComponent: [M:SeleniumUtilities.DriverUtilities.SwitchToDilog] Missing &lt;summary&gt; documentation [C:\Users\dakhanea\Documents\Help\Working\BuildReferenceTopics.proj]
BuildAssembler : warning : ShowMissingComponent: [M:SeleniumUtilities.DriverUtilities.SwitchToWindow(System.Linq.Expressions.Expression{System.Func{OpenQA.Selenium.IWebDriver,System.Boolean}})] Missing &lt;param name=&quot;predicateExp&quot;/&gt; documentation [C:\Users\dakhanea\Documents\Help\Working\BuildReferenceTopics.proj]
BuildAssembler : warning : ResolveReferenceLinksComponent: [M:SeleniumUtilities.DriverUtilities.SwitchToWindow(System.Linq.Expressions.Expression{System.Func{OpenQA.Selenium.IWebDriver,System.Boolean}})] Unknown reference link target &#39;T:OpenQA.Selenium.IWebDriver&#39;. [C:\Users\dakhanea\Documents\Help\Working\BuildReferenceTopics.proj]
BuildAssembler : warning : ShowMissingComponent: [M:SeleniumUtilities.DriverUtilities.TakeScreenshot] Missing &lt;returns&gt; documentation [C:\Users\dakhanea\Documents\Help\Working\BuildReferenceTopics.proj]
BuildAssembler : warning : ShowMissingComponent: [M:SeleniumUtilities.DriverUtilities.Wait] Missing &lt;returns&gt; documentation [C:\Users\dakhanea\Documents\Help\Working\BuildReferenceTopics.proj]
BuildAssembler : warning : ResolveReferenceLinksComponent: [M:SeleniumUtilities.DriverUtilities.Wait] Unknown reference link target &#39;T:OpenQA.Selenium.Support.UI.WebDriverWait&#39;. [C:\Users\dakhanea\Documents\Help\Working\BuildReferenceTopics.proj]
BuildAssembler : warning : ShowMissingComponent: [M:SeleniumUtilities.DriverUtilities.WaitForElementIsClickable(OpenQA.Selenium.By,System.Int32)] Missing &lt;param name=&quot;locator&quot;/&gt; documentation [C:\Users\dakhanea\Documents\Help\Working\BuildReferenceTopics.proj]
BuildAssembler : warning : ShowMissingComponent: [M:SeleniumUtilities.DriverUtilities.WaitForElementIsClickable(OpenQA.Selenium.By,System.Int32)] Missing &lt;param name=&quot;seconds&quot;/&gt; documentation [C:\Users\dakhanea\Documents\Help\Working\BuildReferenceTopics.proj]
BuildAssembler : warning : ResolveReferenceLinksComponent: [M:SeleniumUtilities.DriverUtilities.WaitForElementIsClickable(OpenQA.Selenium.By,System.Int32)] Unknown reference link target &#39;T:OpenQA.Selenium.By&#39;. [C:\Users\dakhanea\Documents\Help\Working\BuildReferenceTopics.proj]
BuildAssembler : warning : ShowMissingComponent: [M:SeleniumUtilities.DriverUtilities.WaitForElementIsClickable(OpenQA.Selenium.IWebElement,System.Int32)] Missing &lt;param name=&quot;element&quot;/&gt; documentation [C:\Users\dakhanea\Documents\Help\Working\BuildReferenceTopics.proj]
BuildAssembler : warning : ShowMissingComponent: [M:SeleniumUtilities.DriverUtilities.WaitForElementIsClickable(OpenQA.Selenium.IWebElement,System.Int32)] Missing &lt;param name=&quot;seconds&quot;/&gt; documentation [C:\Users\dakhanea\Documents\Help\Working\BuildReferenceTopics.proj]
BuildAssembler : warning : ResolveReferenceLinksComponent: [M:SeleniumUtilities.DriverUtilities.WaitForElementIsClickable(OpenQA.Selenium.IWebElement,System.Int32)] Unknown reference link target &#39;T:OpenQA.Selenium.IWebElement&#39;. [C:\Users\dakhanea\Documents\Help\Working\BuildReferenceTopics.proj]
BuildAssembler : warning : ShowMissingComponent: [M:SeleniumUtilities.DriverUtilities.WaitForElementToGetInVisible(OpenQA.Selenium.By,System.Int32)] Missing &lt;param name=&quot;locator&quot;/&gt; documentation [C:\Users\dakhanea\Documents\Help\Working\BuildReferenceTopics.proj]
BuildAssembler : warning : ShowMissingComponent: [M:SeleniumUtilities.DriverUtilities.WaitForElementToGetInVisible(OpenQA.Selenium.By,System.Int32)] Missing &lt;param name=&quot;seconds&quot;/&gt; documentation [C:\Users\dakhanea\Documents\Help\Working\BuildReferenceTopics.proj]
BuildAssembler : warning : ResolveReferenceLinksComponent: [M:SeleniumUtilities.DriverUtilities.WaitForElementToGetInVisible(OpenQA.Selenium.By,System.Int32)] Unknown reference link target &#39;T:OpenQA.Selenium.By&#39;. [C:\Users\dakhanea\Documents\Help\Working\BuildReferenceTopics.proj]
BuildAssembler : warning : ShowMissingComponent: [M:SeleniumUtilities.DriverUtilities.WaitForElementVisible(OpenQA.Selenium.By,System.Int32)] Missing &lt;param name=&quot;locator&quot;/&gt; documentation [C:\Users\dakhanea\Documents\Help\Working\BuildReferenceTopics.proj]
BuildAssembler : warning : ShowMissingComponent: [M:SeleniumUtilities.DriverUtilities.WaitForElementVisible(OpenQA.Selenium.By,System.Int32)] Missing &lt;param name=&quot;seconds&quot;/&gt; documentation [C:\Users\dakhanea\Documents\Help\Working\BuildReferenceTopics.proj]
BuildAssembler : warning : ResolveReferenceLinksComponent: [M:SeleniumUtilities.DriverUtilities.WaitForElementVisible(OpenQA.Selenium.By,System.Int32)] Unknown reference link target &#39;T:OpenQA.Selenium.Support.UI.WebDriverWait&#39;. [C:\Users\dakhanea\Documents\Help\Working\BuildReferenceTopics.proj]
BuildAssembler : warning : ResolveReferenceLinksComponent: [M:SeleniumUtilities.DriverUtilities.WaitForElementVisible(OpenQA.Selenium.By,System.Int32)] Unknown reference link target &#39;T:OpenQA.Selenium.By&#39;. [C:\Users\dakhanea\Documents\Help\Working\BuildReferenceTopics.proj]
BuildAssembler : warning : ResolveReferenceLinksComponent: [M:SeleniumUtilities.DriverUtilities.WaitForElementVisible(OpenQA.Selenium.By,System.Int32)] Unknown reference link target &#39;T:OpenQA.Selenium.Support.UI.ExpectedConditions&#39;. [C:\Users\dakhanea\Documents\Help\Working\BuildReferenceTopics.proj]
BuildAssembler : warning : ShowMissingComponent: [T:SeleniumUtilities.Extensions] Missing &lt;summary&gt; documentation [C:\Users\dakhanea\Documents\Help\Working\BuildReferenceTopics.proj]
BuildAssembler : warning : ShowMissingComponent: [M:SeleniumUtilities.Extensions.ClickOnRowContainingText(System.Collections.Generic.IList{OpenQA.Selenium.IWebElement},System.String)] Missing &lt;param name=&quot;elementList&quot;/&gt; documentation [C:\Users\dakhanea\Documents\Help\Working\BuildReferenceTopics.proj]
BuildAssembler : warning : ShowMissingComponent: [M:SeleniumUtilities.Extensions.ClickOnRowContainingText(System.Collections.Generic.IList{OpenQA.Selenium.IWebElement},System.String)] Missing &lt;param name=&quot;requiredText&quot;/&gt; documentation [C:\Users\dakhanea\Documents\Help\Working\BuildReferenceTopics.proj]
BuildAssembler : warning : ResolveReferenceLinksComponent: [M:SeleniumUtilities.Extensions.ClickOnRowContainingText(System.Collections.Generic.IList{OpenQA.Selenium.IWebElement},System.String)] Unknown reference link target &#39;T:OpenQA.Selenium.IWebElement&#39;. [C:\Users\dakhanea\Documents\Help\Working\BuildReferenceTopics.proj]
BuildAssembler : warning : ResolveReferenceLinksComponent: [M:SeleniumUtilities.Extensions.ClickOnRowContainingText(System.Collections.Generic.IList{OpenQA.Selenium.IWebElement},System.String)] Unknown reference link target &#39;T:OpenQA.Selenium.IWebElement&#39;. [C:\Users\dakhanea\Documents\Help\Working\BuildReferenceTopics.proj]
BuildAssembler : warning : ShowMissingComponent: [M:SeleniumUtilities.Extensions.ExecuteJs(OpenQA.Selenium.IWebDriver,System.String)] Missing &lt;returns&gt; documentation [C:\Users\dakhanea\Documents\Help\Working\BuildReferenceTopics.proj]
BuildAssembler : warning : ShowMissingComponent: [M:SeleniumUtilities.Extensions.ExecuteJs(OpenQA.Selenium.IWebDriver,System.String)] Missing &lt;param name=&quot;driver&quot;/&gt; documentation [C:\Users\dakhanea\Documents\Help\Working\BuildReferenceTopics.proj]
BuildAssembler : warning : ShowMissingComponent: [M:SeleniumUtilities.Extensions.ExecuteJs(OpenQA.Selenium.IWebDriver,System.String)] Missing &lt;param name=&quot;script&quot;/&gt; documentation [C:\Users\dakhanea\Documents\Help\Working\BuildReferenceTopics.proj]
BuildAssembler : warning : ResolveReferenceLinksComponent: [M:SeleniumUtilities.Extensions.ExecuteJs(OpenQA.Selenium.IWebDriver,System.String)] Unknown reference link target &#39;T:OpenQA.Selenium.IWebDriver&#39;. [C:\Users\dakhanea\Documents\Help\Working\BuildReferenceTopics.proj]
BuildAssembler : warning : ResolveReferenceLinksComponent: [M:SeleniumUtilities.Extensions.ExecuteJs(OpenQA.Selenium.IWebDriver,System.String)] Unknown reference link target &#39;T:OpenQA.Selenium.IWebDriver&#39;. [C:\Users\dakhanea\Documents\Help\Working\BuildReferenceTopics.proj]
BuildAssembler : warning : ShowMissingComponent: [M:SeleniumUtilities.Extensions.GetAllOptionsFromSelectTagDropDown(OpenQA.Selenium.IWebElement)] Missing &lt;summary&gt; documentation [C:\Users\dakhanea\Documents\Help\Working\BuildReferenceTopics.proj]
BuildAssembler : warning : ShowMissingComponent: [M:SeleniumUtilities.Extensions.GetAllOptionsFromSelectTagDropDown(OpenQA.Selenium.IWebElement)] Missing &lt;returns&gt; documentation [C:\Users\dakhanea\Documents\Help\Working\BuildReferenceTopics.proj]
BuildAssembler : warning : ShowMissingComponent: [M:SeleniumUtilities.Extensions.GetAllOptionsFromSelectTagDropDown(OpenQA.Selenium.IWebElement)] Missing &lt;param name=&quot;element&quot;/&gt; documentation [C:\Users\dakhanea\Documents\Help\Working\BuildReferenceTopics.proj]
BuildAssembler : warning : ResolveReferenceLinksComponent: [M:SeleniumUtilities.Extensions.GetAllOptionsFromSelectTagDropDown(OpenQA.Selenium.IWebElement)] Unknown reference link target &#39;T:OpenQA.Selenium.IWebElement&#39;. [C:\Users\dakhanea\Documents\Help\Working\BuildReferenceTopics.proj]
BuildAssembler : warning : ResolveReferenceLinksComponent: [M:SeleniumUtilities.Extensions.GetAllOptionsFromSelectTagDropDown(OpenQA.Selenium.IWebElement)] Unknown reference link target &#39;T:OpenQA.Selenium.IWebElement&#39;. [C:\Users\dakhanea\Documents\Help\Working\BuildReferenceTopics.proj]
BuildAssembler : warning : ShowMissingComponent: [M:SeleniumUtilities.Extensions.GetAllRowValuesForColumn(System.Collections.Generic.IList{OpenQA.Selenium.IWebElement},System.Int32)] Missing &lt;returns&gt; documentation [C:\Users\dakhanea\Documents\Help\Working\BuildReferenceTopics.proj]
BuildAssembler : warning : ShowMissingComponent: [M:SeleniumUtilities.Extensions.GetAllRowValuesForColumn(System.Collections.Generic.IList{OpenQA.Selenium.IWebElement},System.Int32)] Missing &lt;param name=&quot;elementList&quot;/&gt; documentation [C:\Users\dakhanea\Documents\Help\Working\BuildReferenceTopics.proj]
BuildAssembler : warning : ShowMissingComponent: [M:SeleniumUtilities.Extensions.GetAllRowValuesForColumn(System.Collections.Generic.IList{OpenQA.Selenium.IWebElement},System.Int32)] Missing &lt;param name=&quot;columnIndex&quot;/&gt; documentation [C:\Users\dakhanea\Documents\Help\Working\BuildReferenceTopics.proj]
BuildAssembler : warning : ResolveReferenceLinksComponent: [M:SeleniumUtilities.Extensions.GetAllRowValuesForColumn(System.Collections.Generic.IList{OpenQA.Selenium.IWebElement},System.Int32)] Unknown reference link target &#39;T:OpenQA.Selenium.IWebElement&#39;. [C:\Users\dakhanea\Documents\Help\Working\BuildReferenceTopics.proj]
BuildAssembler : warning : ResolveReferenceLinksComponent: [M:SeleniumUtilities.Extensions.GetAllRowValuesForColumn(System.Collections.Generic.IList{OpenQA.Selenium.IWebElement},System.Int32)] Unknown reference link target &#39;T:OpenQA.Selenium.IWebElement&#39;. [C:\Users\dakhanea\Documents\Help\Working\BuildReferenceTopics.proj]
BuildAssembler : warning : ShowMissingComponent: [M:SeleniumUtilities.Extensions.GetSelectedValueFromSelectTagDropDown(OpenQA.Selenium.IWebElement,System.String)] Missing &lt;returns&gt; documentation [C:\Users\dakhanea\Documents\Help\Working\BuildReferenceTopics.proj]
BuildAssembler : warning : ShowMissingComponent: [M:SeleniumUtilities.Extensions.GetSelectedValueFromSelectTagDropDown(OpenQA.Selenium.IWebElement,System.String)] Missing &lt;param name=&quot;element&quot;/&gt; documentation [C:\Users\dakhanea\Documents\Help\Working\BuildReferenceTopics.proj]
BuildAssembler : warning : ShowMissingComponent: [M:SeleniumUtilities.Extensions.GetSelectedValueFromSelectTagDropDown(OpenQA.Selenium.IWebElement,System.String)] Missing &lt;param name=&quot;exceptThisString&quot;/&gt; documentation [C:\Users\dakhanea\Documents\Help\Working\BuildReferenceTopics.proj]
BuildAssembler : warning : ResolveReferenceLinksComponent: [M:SeleniumUtilities.Extensions.GetSelectedValueFromSelectTagDropDown(OpenQA.Selenium.IWebElement,System.String)] Unknown reference link target &#39;T:OpenQA.Selenium.IWebElement&#39;. [C:\Users\dakhanea\Documents\Help\Working\BuildReferenceTopics.proj]
BuildAssembler : warning : ResolveReferenceLinksComponent: [M:SeleniumUtilities.Extensions.GetSelectedValueFromSelectTagDropDown(OpenQA.Selenium.IWebElement,System.String)] Unknown reference link target &#39;T:OpenQA.Selenium.IWebElement&#39;. [C:\Users\dakhanea\Documents\Help\Working\BuildReferenceTopics.proj]
BuildAssembler : warning : ShowMissingComponent: [M:SeleniumUtilities.Extensions.GetTextFromAllRows(System.Collections.Generic.IList{OpenQA.Selenium.IWebElement})] Missing &lt;returns&gt; documentation [C:\Users\dakhanea\Documents\Help\Working\BuildReferenceTopics.proj]
BuildAssembler : warning : ShowMissingComponent: [M:SeleniumUtilities.Extensions.GetTextFromAllRows(System.Collections.Generic.IList{OpenQA.Selenium.IWebElement})] Missing &lt;param name=&quot;elementList&quot;/&gt; documentation [C:\Users\dakhanea\Documents\Help\Working\BuildReferenceTopics.proj]
BuildAssembler : warning : ResolveReferenceLinksComponent: [M:SeleniumUtilities.Extensions.GetTextFromAllRows(System.Collections.Generic.IList{OpenQA.Selenium.IWebElement})] Unknown reference link target &#39;T:OpenQA.Selenium.IWebElement&#39;. [C:\Users\dakhanea\Documents\Help\Working\BuildReferenceTopics.proj]
BuildAssembler : warning : ResolveReferenceLinksComponent: [M:SeleniumUtilities.Extensions.GetTextFromAllRows(System.Collections.Generic.IList{OpenQA.Selenium.IWebElement})] Unknown reference link target &#39;T:OpenQA.Selenium.IWebElement&#39;. [C:\Users\dakhanea\Documents\Help\Working\BuildReferenceTopics.proj]
BuildAssembler : warning : ShowMissingComponent: [M:SeleniumUtilities.Extensions.GetTextValuesFromEachCollectionItem(System.Collections.Generic.IList{OpenQA.Selenium.IWebElement})] Missing &lt;returns&gt; documentation [C:\Users\dakhanea\Documents\Help\Working\BuildReferenceTopics.proj]
BuildAssembler : warning : ShowMissingComponent: [M:SeleniumUtilities.Extensions.GetTextValuesFromEachCollectionItem(System.Collections.Generic.IList{OpenQA.Selenium.IWebElement})] Missing &lt;param name=&quot;collection&quot;/&gt; documentation [C:\Users\dakhanea\Documents\Help\Working\BuildReferenceTopics.proj]
BuildAssembler : warning : ResolveReferenceLinksComponent: [M:SeleniumUtilities.Extensions.GetTextValuesFromEachCollectionItem(System.Collections.Generic.IList{OpenQA.Selenium.IWebElement})] Unknown reference link target &#39;T:OpenQA.Selenium.IWebElement&#39;. [C:\Users\dakhanea\Documents\Help\Working\BuildReferenceTopics.proj]
BuildAssembler : warning : ResolveReferenceLinksComponent: [M:SeleniumUtilities.Extensions.GetTextValuesFromEachCollectionItem(System.Collections.Generic.IList{OpenQA.Selenium.IWebElement})] Unknown reference link target &#39;T:OpenQA.Selenium.IWebElement&#39;. [C:\Users\dakhanea\Documents\Help\Working\BuildReferenceTopics.proj]
BuildAssembler : warning : ShowMissingComponent: [M:SeleniumUtilities.Extensions.GetValuesFromDropDown(System.Collections.Generic.IList{OpenQA.Selenium.IWebElement})] Missing &lt;returns&gt; documentation [C:\Users\dakhanea\Documents\Help\Working\BuildReferenceTopics.proj]
BuildAssembler : warning : ShowMissingComponent: [M:SeleniumUtilities.Extensions.GetValuesFromDropDown(System.Collections.Generic.IList{OpenQA.Selenium.IWebElement})] Missing &lt;param name=&quot;elementList&quot;/&gt; documentation [C:\Users\dakhanea\Documents\Help\Working\BuildReferenceTopics.proj]
BuildAssembler : warning : ResolveReferenceLinksComponent: [M:SeleniumUtilities.Extensions.GetValuesFromDropDown(System.Collections.Generic.IList{OpenQA.Selenium.IWebElement})] Unknown reference link target &#39;T:OpenQA.Selenium.IWebElement&#39;. [C:\Users\dakhanea\Documents\Help\Working\BuildReferenceTopics.proj]
BuildAssembler : warning : ResolveReferenceLinksComponent: [M:SeleniumUtilities.Extensions.GetValuesFromDropDown(System.Collections.Generic.IList{OpenQA.Selenium.IWebElement})] Unknown reference link target &#39;T:OpenQA.Selenium.IWebElement&#39;. [C:\Users\dakhanea\Documents\Help\Working\BuildReferenceTopics.proj]
BuildAssembler : warning : ShowMissingComponent: [M:SeleniumUtilities.Extensions.SelectByValueFromSelectTagDropDown(OpenQA.Selenium.IWebElement,System.String)] Missing &lt;summary&gt; documentation [C:\Users\dakhanea\Documents\Help\Working\BuildReferenceTopics.proj]
BuildAssembler : warning : ShowMissingComponent: [M:SeleniumUtilities.Extensions.SelectByValueFromSelectTagDropDown(OpenQA.Selenium.IWebElement,System.String)] Missing &lt;param name=&quot;element&quot;/&gt; documentation [C:\Users\dakhanea\Documents\Help\Working\BuildReferenceTopics.proj]
BuildAssembler : warning : ShowMissingComponent: [M:SeleniumUtilities.Extensions.SelectByValueFromSelectTagDropDown(OpenQA.Selenium.IWebElement,System.String)] Missing &lt;param name=&quot;ItemValue&quot;/&gt; documentation [C:\Users\dakhanea\Documents\Help\Working\BuildReferenceTopics.proj]
BuildAssembler : warning : ResolveReferenceLinksComponent: [M:SeleniumUtilities.Extensions.SelectByValueFromSelectTagDropDown(OpenQA.Selenium.IWebElement,System.String)] Unknown reference link target &#39;T:OpenQA.Selenium.IWebElement&#39;. [C:\Users\dakhanea\Documents\Help\Working\BuildReferenceTopics.proj]
BuildAssembler : warning : ResolveReferenceLinksComponent: [M:SeleniumUtilities.Extensions.SelectByValueFromSelectTagDropDown(OpenQA.Selenium.IWebElement,System.String)] Unknown reference link target &#39;T:OpenQA.Selenium.IWebElement&#39;. [C:\Users\dakhanea\Documents\Help\Working\BuildReferenceTopics.proj]
BuildAssembler : warning : ShowMissingComponent: [M:SeleniumUtilities.Extensions.SelectItemByValuefromDrpDwn(System.Collections.Generic.IList{OpenQA.Selenium.IWebElement},System.String)] Missing &lt;param name=&quot;elementList&quot;/&gt; documentation [C:\Users\dakhanea\Documents\Help\Working\BuildReferenceTopics.proj]
BuildAssembler : warning : ShowMissingComponent: [M:SeleniumUtilities.Extensions.SelectItemByValuefromDrpDwn(System.Collections.Generic.IList{OpenQA.Selenium.IWebElement},System.String)] Missing &lt;param name=&quot;ItemValue&quot;/&gt; documentation [C:\Users\dakhanea\Documents\Help\Working\BuildReferenceTopics.proj]
BuildAssembler : warning : ResolveReferenceLinksComponent: [M:SeleniumUtilities.Extensions.SelectItemByValuefromDrpDwn(System.Collections.Generic.IList{OpenQA.Selenium.IWebElement},System.String)] Unknown reference link target &#39;T:OpenQA.Selenium.IWebElement&#39;. [C:\Users\dakhanea\Documents\Help\Working\BuildReferenceTopics.proj]
BuildAssembler : warning : ResolveReferenceLinksComponent: [M:SeleniumUtilities.Extensions.SelectItemByValuefromDrpDwn(System.Collections.Generic.IList{OpenQA.Selenium.IWebElement},System.String)] Unknown reference link target &#39;T:OpenQA.Selenium.IWebElement&#39;. [C:\Users\dakhanea\Documents\Help\Working\BuildReferenceTopics.proj]
BuildAssembler : warning : ShowMissingComponent: [M:SeleniumUtilities.Extensions.SetFocusToElement(OpenQA.Selenium.IWebElement)] Missing &lt;param name=&quot;element&quot;/&gt; documentation [C:\Users\dakhanea\Documents\Help\Working\BuildReferenceTopics.proj]
BuildAssembler : warning : ResolveReferenceLinksComponent: [M:SeleniumUtilities.Extensions.SetFocusToElement(OpenQA.Selenium.IWebElement)] Unknown reference link target &#39;T:OpenQA.Selenium.IWebElement&#39;. [C:\Users\dakhanea\Documents\Help\Working\BuildReferenceTopics.proj]
BuildAssembler : warning : ResolveReferenceLinksComponent: [M:SeleniumUtilities.Extensions.SetFocusToElement(OpenQA.Selenium.IWebElement)] Unknown reference link target &#39;T:OpenQA.Selenium.IWebElement&#39;. [C:\Users\dakhanea\Documents\Help\Working\BuildReferenceTopics.proj]
BuildAssembler : warning : ShowMissingComponent: [M:SeleniumUtilities.Extensions.SetFocusToElementAndClick(OpenQA.Selenium.IWebElement)] Missing &lt;param name=&quot;element&quot;/&gt; documentation [C:\Users\dakhanea\Documents\Help\Working\BuildReferenceTopics.proj]
BuildAssembler : warning : ResolveReferenceLinksComponent: [M:SeleniumUtilities.Extensions.SetFocusToElementAndClick(OpenQA.Selenium.IWebElement)] Unknown reference link target &#39;T:OpenQA.Selenium.IWebElement&#39;. [C:\Users\dakhanea\Documents\Help\Working\BuildReferenceTopics.proj]
BuildAssembler : warning : ResolveReferenceLinksComponent: [M:SeleniumUtilities.Extensions.SetFocusToElementAndClick(OpenQA.Selenium.IWebElement)] Unknown reference link target &#39;T:OpenQA.Selenium.IWebElement&#39;. [C:\Users\dakhanea\Documents\Help\Working\BuildReferenceTopics.proj]
  Processed 96 topic(s)
  241 warning(s)
  CopyFromIndexComponent: &quot;reflection&quot; in-memory cache entries used: 4 of 15.
  CopyFromIndexComponent: &quot;comments&quot; in-memory cache entries used: 2 of 30.
Done Building Project &quot;C:\Users\dakhanea\Documents\Help\Working\BuildReferenceTopics.proj&quot; (default targets).

Build succeeded.

Time Elapsed 00:00:20.81
    Last step completed in 00:00:21.0601
</buildStep>
<buildStep step="CombiningIntermediateTocFiles">
Combining conceptual and API intermediate TOC files...

Clearing any prior web output
    Last step completed in 00:00:00.0050
</buildStep>
<buildStep step="ExtractingHtmlInfo">
Extracting HTML info for HTML Help 1 and/or website...
[C:\WINDOWS\Microsoft.NET\Framework64\v4.0.30319\MSBuild.exe]
Sandcastle Help File Builder, version 2015.1.12.0
Copyright c 2006-2015, Eric Woodruff, All Rights Reserved
E-Mail: Eric@EWoodruff.us

Using LCID &#39;1033&#39;, code page &#39;65001&#39;, encoding charset &#39;UTF-8&#39;.

Processing website files in C:\Users\dakhanea\Documents\Help\Working\Output\Website
Processed 96 HTML files
Sorting keywords and generating See Also indices
Saving website keyword index to C:\Users\dakhanea\Documents\Help\Working\WebKI.xml
Saving website table of contents to C:\Users\dakhanea\Documents\Help\Working\WebTOC.xml
    Last step completed in 00:00:00.8861
</buildStep>
<buildStep step="CopyStandardHelpContent">
Copying standard help content...
C:\Program Files (x86)\EWSoftware\Sandcastle Help File Builder\PresentationStyles\VS2013\icons\AlertCaution.png -&gt; C:\Users\dakhanea\Documents\Help\Working\Output\Website\icons\AlertCaution.png
C:\Program Files (x86)\EWSoftware\Sandcastle Help File Builder\PresentationStyles\VS2013\icons\AlertNote.png -&gt; C:\Users\dakhanea\Documents\Help\Working\Output\Website\icons\AlertNote.png
C:\Program Files (x86)\EWSoftware\Sandcastle Help File Builder\PresentationStyles\VS2013\icons\AlertSecurity.png -&gt; C:\Users\dakhanea\Documents\Help\Working\Output\Website\icons\AlertSecurity.png
C:\Program Files (x86)\EWSoftware\Sandcastle Help File Builder\PresentationStyles\VS2013\icons\CFW.gif -&gt; C:\Users\dakhanea\Documents\Help\Working\Output\Website\icons\CFW.gif
C:\Program Files (x86)\EWSoftware\Sandcastle Help File Builder\PresentationStyles\VS2013\icons\CodeExample.png -&gt; C:\Users\dakhanea\Documents\Help\Working\Output\Website\icons\CodeExample.png
C:\Program Files (x86)\EWSoftware\Sandcastle Help File Builder\PresentationStyles\VS2013\icons\favicon.ico -&gt; C:\Users\dakhanea\Documents\Help\Working\Output\Website\icons\favicon.ico
C:\Program Files (x86)\EWSoftware\Sandcastle Help File Builder\PresentationStyles\VS2013\icons\privclass.gif -&gt; C:\Users\dakhanea\Documents\Help\Working\Output\Website\icons\privclass.gif
C:\Program Files (x86)\EWSoftware\Sandcastle Help File Builder\PresentationStyles\VS2013\icons\privdelegate.gif -&gt; C:\Users\dakhanea\Documents\Help\Working\Output\Website\icons\privdelegate.gif
C:\Program Files (x86)\EWSoftware\Sandcastle Help File Builder\PresentationStyles\VS2013\icons\privenumeration.gif -&gt; C:\Users\dakhanea\Documents\Help\Working\Output\Website\icons\privenumeration.gif
C:\Program Files (x86)\EWSoftware\Sandcastle Help File Builder\PresentationStyles\VS2013\icons\privevent.gif -&gt; C:\Users\dakhanea\Documents\Help\Working\Output\Website\icons\privevent.gif
C:\Program Files (x86)\EWSoftware\Sandcastle Help File Builder\PresentationStyles\VS2013\icons\privextension.gif -&gt; C:\Users\dakhanea\Documents\Help\Working\Output\Website\icons\privextension.gif
C:\Program Files (x86)\EWSoftware\Sandcastle Help File Builder\PresentationStyles\VS2013\icons\privfield.gif -&gt; C:\Users\dakhanea\Documents\Help\Working\Output\Website\icons\privfield.gif
C:\Program Files (x86)\EWSoftware\Sandcastle Help File Builder\PresentationStyles\VS2013\icons\privinterface.gif -&gt; C:\Users\dakhanea\Documents\Help\Working\Output\Website\icons\privinterface.gif
C:\Program Files (x86)\EWSoftware\Sandcastle Help File Builder\PresentationStyles\VS2013\icons\privmethod.gif -&gt; C:\Users\dakhanea\Documents\Help\Working\Output\Website\icons\privmethod.gif
C:\Program Files (x86)\EWSoftware\Sandcastle Help File Builder\PresentationStyles\VS2013\icons\privproperty.gif -&gt; C:\Users\dakhanea\Documents\Help\Working\Output\Website\icons\privproperty.gif
C:\Program Files (x86)\EWSoftware\Sandcastle Help File Builder\PresentationStyles\VS2013\icons\privstructure.gif -&gt; C:\Users\dakhanea\Documents\Help\Working\Output\Website\icons\privstructure.gif
C:\Program Files (x86)\EWSoftware\Sandcastle Help File Builder\PresentationStyles\VS2013\icons\protclass.gif -&gt; C:\Users\dakhanea\Documents\Help\Working\Output\Website\icons\protclass.gif
C:\Program Files (x86)\EWSoftware\Sandcastle Help File Builder\PresentationStyles\VS2013\icons\protdelegate.gif -&gt; C:\Users\dakhanea\Documents\Help\Working\Output\Website\icons\protdelegate.gif
C:\Program Files (x86)\EWSoftware\Sandcastle Help File Builder\PresentationStyles\VS2013\icons\protenumeration.gif -&gt; C:\Users\dakhanea\Documents\Help\Working\Output\Website\icons\protenumeration.gif
C:\Program Files (x86)\EWSoftware\Sandcastle Help File Builder\PresentationStyles\VS2013\icons\protevent.gif -&gt; C:\Users\dakhanea\Documents\Help\Working\Output\Website\icons\protevent.gif
C:\Program Files (x86)\EWSoftware\Sandcastle Help File Builder\PresentationStyles\VS2013\icons\protextension.gif -&gt; C:\Users\dakhanea\Documents\Help\Working\Output\Website\icons\protextension.gif
C:\Program Files (x86)\EWSoftware\Sandcastle Help File Builder\PresentationStyles\VS2013\icons\protfield.gif -&gt; C:\Users\dakhanea\Documents\Help\Working\Output\Website\icons\protfield.gif
C:\Program Files (x86)\EWSoftware\Sandcastle Help File Builder\PresentationStyles\VS2013\icons\protinterface.gif -&gt; C:\Users\dakhanea\Documents\Help\Working\Output\Website\icons\protinterface.gif
C:\Program Files (x86)\EWSoftware\Sandcastle Help File Builder\PresentationStyles\VS2013\icons\protmethod.gif -&gt; C:\Users\dakhanea\Documents\Help\Working\Output\Website\icons\protmethod.gif
C:\Program Files (x86)\EWSoftware\Sandcastle Help File Builder\PresentationStyles\VS2013\icons\protoperator.gif -&gt; C:\Users\dakhanea\Documents\Help\Working\Output\Website\icons\protoperator.gif
C:\Program Files (x86)\EWSoftware\Sandcastle Help File Builder\PresentationStyles\VS2013\icons\protproperty.gif -&gt; C:\Users\dakhanea\Documents\Help\Working\Output\Website\icons\protproperty.gif
C:\Program Files (x86)\EWSoftware\Sandcastle Help File Builder\PresentationStyles\VS2013\icons\protstructure.gif -&gt; C:\Users\dakhanea\Documents\Help\Working\Output\Website\icons\protstructure.gif
C:\Program Files (x86)\EWSoftware\Sandcastle Help File Builder\PresentationStyles\VS2013\icons\pubclass.gif -&gt; C:\Users\dakhanea\Documents\Help\Working\Output\Website\icons\pubclass.gif
C:\Program Files (x86)\EWSoftware\Sandcastle Help File Builder\PresentationStyles\VS2013\icons\pubdelegate.gif -&gt; C:\Users\dakhanea\Documents\Help\Working\Output\Website\icons\pubdelegate.gif
C:\Program Files (x86)\EWSoftware\Sandcastle Help File Builder\PresentationStyles\VS2013\icons\pubenumeration.gif -&gt; C:\Users\dakhanea\Documents\Help\Working\Output\Website\icons\pubenumeration.gif
C:\Program Files (x86)\EWSoftware\Sandcastle Help File Builder\PresentationStyles\VS2013\icons\pubevent.gif -&gt; C:\Users\dakhanea\Documents\Help\Working\Output\Website\icons\pubevent.gif
C:\Program Files (x86)\EWSoftware\Sandcastle Help File Builder\PresentationStyles\VS2013\icons\pubextension.gif -&gt; C:\Users\dakhanea\Documents\Help\Working\Output\Website\icons\pubextension.gif
C:\Program Files (x86)\EWSoftware\Sandcastle Help File Builder\PresentationStyles\VS2013\icons\pubfield.gif -&gt; C:\Users\dakhanea\Documents\Help\Working\Output\Website\icons\pubfield.gif
C:\Program Files (x86)\EWSoftware\Sandcastle Help File Builder\PresentationStyles\VS2013\icons\pubinterface.gif -&gt; C:\Users\dakhanea\Documents\Help\Working\Output\Website\icons\pubinterface.gif
C:\Program Files (x86)\EWSoftware\Sandcastle Help File Builder\PresentationStyles\VS2013\icons\pubmethod.gif -&gt; C:\Users\dakhanea\Documents\Help\Working\Output\Website\icons\pubmethod.gif
C:\Program Files (x86)\EWSoftware\Sandcastle Help File Builder\PresentationStyles\VS2013\icons\puboperator.gif -&gt; C:\Users\dakhanea\Documents\Help\Working\Output\Website\icons\puboperator.gif
C:\Program Files (x86)\EWSoftware\Sandcastle Help File Builder\PresentationStyles\VS2013\icons\pubproperty.gif -&gt; C:\Users\dakhanea\Documents\Help\Working\Output\Website\icons\pubproperty.gif
C:\Program Files (x86)\EWSoftware\Sandcastle Help File Builder\PresentationStyles\VS2013\icons\pubstructure.gif -&gt; C:\Users\dakhanea\Documents\Help\Working\Output\Website\icons\pubstructure.gif
C:\Program Files (x86)\EWSoftware\Sandcastle Help File Builder\PresentationStyles\VS2013\icons\SectionCollapsed.png -&gt; C:\Users\dakhanea\Documents\Help\Working\Output\Website\icons\SectionCollapsed.png
C:\Program Files (x86)\EWSoftware\Sandcastle Help File Builder\PresentationStyles\VS2013\icons\SectionExpanded.png -&gt; C:\Users\dakhanea\Documents\Help\Working\Output\Website\icons\SectionExpanded.png
C:\Program Files (x86)\EWSoftware\Sandcastle Help File Builder\PresentationStyles\VS2013\icons\slMobile.gif -&gt; C:\Users\dakhanea\Documents\Help\Working\Output\Website\icons\slMobile.gif
C:\Program Files (x86)\EWSoftware\Sandcastle Help File Builder\PresentationStyles\VS2013\icons\static.gif -&gt; C:\Users\dakhanea\Documents\Help\Working\Output\Website\icons\static.gif
C:\Program Files (x86)\EWSoftware\Sandcastle Help File Builder\PresentationStyles\VS2013\icons\xna.gif -&gt; C:\Users\dakhanea\Documents\Help\Working\Output\Website\icons\xna.gif
C:\Program Files (x86)\EWSoftware\Sandcastle Help File Builder\PresentationStyles\VS2013\scripts\branding.js -&gt; C:\Users\dakhanea\Documents\Help\Working\Output\Website\scripts\branding.js
C:\Program Files (x86)\EWSoftware\Sandcastle Help File Builder\PresentationStyles\VS2013\styles\branding-cs-CZ.css -&gt; C:\Users\dakhanea\Documents\Help\Working\Output\Website\styles\branding-cs-CZ.css
C:\Program Files (x86)\EWSoftware\Sandcastle Help File Builder\PresentationStyles\VS2013\styles\branding-de-DE.css -&gt; C:\Users\dakhanea\Documents\Help\Working\Output\Website\styles\branding-de-DE.css
C:\Program Files (x86)\EWSoftware\Sandcastle Help File Builder\PresentationStyles\VS2013\styles\branding-en-US.css -&gt; C:\Users\dakhanea\Documents\Help\Working\Output\Website\styles\branding-en-US.css
C:\Program Files (x86)\EWSoftware\Sandcastle Help File Builder\PresentationStyles\VS2013\styles\branding-es-ES.css -&gt; C:\Users\dakhanea\Documents\Help\Working\Output\Website\styles\branding-es-ES.css
C:\Program Files (x86)\EWSoftware\Sandcastle Help File Builder\PresentationStyles\VS2013\styles\branding-fr-FR.css -&gt; C:\Users\dakhanea\Documents\Help\Working\Output\Website\styles\branding-fr-FR.css
C:\Program Files (x86)\EWSoftware\Sandcastle Help File Builder\PresentationStyles\VS2013\styles\branding-Help1.css -&gt; C:\Users\dakhanea\Documents\Help\Working\Output\Website\styles\branding-Help1.css
C:\Program Files (x86)\EWSoftware\Sandcastle Help File Builder\PresentationStyles\VS2013\styles\branding-Help2.css -&gt; C:\Users\dakhanea\Documents\Help\Working\Output\Website\styles\branding-Help2.css
C:\Program Files (x86)\EWSoftware\Sandcastle Help File Builder\PresentationStyles\VS2013\styles\branding-HelpViewer.css -&gt; C:\Users\dakhanea\Documents\Help\Working\Output\Website\styles\branding-HelpViewer.css
C:\Program Files (x86)\EWSoftware\Sandcastle Help File Builder\PresentationStyles\VS2013\styles\branding-it-IT.css -&gt; C:\Users\dakhanea\Documents\Help\Working\Output\Website\styles\branding-it-IT.css
C:\Program Files (x86)\EWSoftware\Sandcastle Help File Builder\PresentationStyles\VS2013\styles\branding-ja-JP.css -&gt; C:\Users\dakhanea\Documents\Help\Working\Output\Website\styles\branding-ja-JP.css
C:\Program Files (x86)\EWSoftware\Sandcastle Help File Builder\PresentationStyles\VS2013\styles\branding-ko-KR.css -&gt; C:\Users\dakhanea\Documents\Help\Working\Output\Website\styles\branding-ko-KR.css
C:\Program Files (x86)\EWSoftware\Sandcastle Help File Builder\PresentationStyles\VS2013\styles\branding-pl-PL.css -&gt; C:\Users\dakhanea\Documents\Help\Working\Output\Website\styles\branding-pl-PL.css
C:\Program Files (x86)\EWSoftware\Sandcastle Help File Builder\PresentationStyles\VS2013\styles\branding-pt-BR.css -&gt; C:\Users\dakhanea\Documents\Help\Working\Output\Website\styles\branding-pt-BR.css
C:\Program Files (x86)\EWSoftware\Sandcastle Help File Builder\PresentationStyles\VS2013\styles\branding-ru-RU.css -&gt; C:\Users\dakhanea\Documents\Help\Working\Output\Website\styles\branding-ru-RU.css
C:\Program Files (x86)\EWSoftware\Sandcastle Help File Builder\PresentationStyles\VS2013\styles\branding-tr-TR.css -&gt; C:\Users\dakhanea\Documents\Help\Working\Output\Website\styles\branding-tr-TR.css
C:\Program Files (x86)\EWSoftware\Sandcastle Help File Builder\PresentationStyles\VS2013\styles\branding-Website.css -&gt; C:\Users\dakhanea\Documents\Help\Working\Output\Website\styles\branding-Website.css
C:\Program Files (x86)\EWSoftware\Sandcastle Help File Builder\PresentationStyles\VS2013\styles\branding-zh-CN.css -&gt; C:\Users\dakhanea\Documents\Help\Working\Output\Website\styles\branding-zh-CN.css
C:\Program Files (x86)\EWSoftware\Sandcastle Help File Builder\PresentationStyles\VS2013\styles\branding-zh-TW.css -&gt; C:\Users\dakhanea\Documents\Help\Working\Output\Website\styles\branding-zh-TW.css
C:\Program Files (x86)\EWSoftware\Sandcastle Help File Builder\PresentationStyles\VS2013\styles\branding.css -&gt; C:\Users\dakhanea\Documents\Help\Working\Output\Website\styles\branding.css
C:\Program Files (x86)\EWSoftware\Sandcastle Help File Builder\PresentationStyles\VS2013\Web\index.html -&gt; C:\Users\dakhanea\Documents\Help\Working\Output\Website\index.html
C:\Program Files (x86)\EWSoftware\Sandcastle Help File Builder\PresentationStyles\VS2013\Web\search.html -&gt; C:\Users\dakhanea\Documents\Help\Working\Output\Website\search.html
C:\Program Files (x86)\EWSoftware\Sandcastle Help File Builder\PresentationStyles\VS2013\Web\SearchHelp.aspx -&gt; C:\Users\dakhanea\Documents\Help\Working\Output\Website\SearchHelp.aspx
C:\Program Files (x86)\EWSoftware\Sandcastle Help File Builder\PresentationStyles\VS2013\Web\SearchHelp.inc.php -&gt; C:\Users\dakhanea\Documents\Help\Working\Output\Website\SearchHelp.inc.php
C:\Program Files (x86)\EWSoftware\Sandcastle Help File Builder\PresentationStyles\VS2013\Web\SearchHelp.php -&gt; C:\Users\dakhanea\Documents\Help\Working\Output\Website\SearchHelp.php
C:\Program Files (x86)\EWSoftware\Sandcastle Help File Builder\PresentationStyles\VS2013\Web\Web.Config -&gt; C:\Users\dakhanea\Documents\Help\Working\Output\Website\Web.Config
C:\Program Files (x86)\EWSoftware\Sandcastle Help File Builder\PresentationStyles\VS2013\Web\icons\Search.png -&gt; C:\Users\dakhanea\Documents\Help\Working\Output\Website\icons\Search.png
C:\Program Files (x86)\EWSoftware\Sandcastle Help File Builder\PresentationStyles\VS2013\Web\icons\TocClose.gif -&gt; C:\Users\dakhanea\Documents\Help\Working\Output\Website\icons\TocClose.gif
C:\Program Files (x86)\EWSoftware\Sandcastle Help File Builder\PresentationStyles\VS2013\Web\icons\TocCollapsed.gif -&gt; C:\Users\dakhanea\Documents\Help\Working\Output\Website\icons\TocCollapsed.gif
C:\Program Files (x86)\EWSoftware\Sandcastle Help File Builder\PresentationStyles\VS2013\Web\icons\TocExpanded.gif -&gt; C:\Users\dakhanea\Documents\Help\Working\Output\Website\icons\TocExpanded.gif
C:\Program Files (x86)\EWSoftware\Sandcastle Help File Builder\PresentationStyles\VS2013\Web\icons\TocOpen.gif -&gt; C:\Users\dakhanea\Documents\Help\Working\Output\Website\icons\TocOpen.gif
C:\Program Files (x86)\EWSoftware\Sandcastle Help File Builder\PresentationStyles\VS2013\Web\scripts\branding-Website.js -&gt; C:\Users\dakhanea\Documents\Help\Working\Output\Website\scripts\branding-Website.js
C:\Program Files (x86)\EWSoftware\Sandcastle Help File Builder\PresentationStyles\VS2013\Web\scripts\jquery-1.11.0.min.js -&gt; C:\Users\dakhanea\Documents\Help\Working\Output\Website\scripts\jquery-1.11.0.min.js
    Last step completed in 00:00:00.2040
</buildStep>
<buildStep step="GenerateHelpFormatTableOfContents">
Generating website table of contents file...
    Last step completed in 00:00:00.0030
</buildStep>
<buildStep step="GenerateFullTextIndex">
Generating full-text index for the website...

<plugIn name="Lightweight Website Style" behavior="After" priority="1000">
Adding lightweight search and TOC elements to each topic...
</plugIn>    Last step completed in 00:00:00.5171
</buildStep>
<buildStep step="CopyingWebsiteFiles">
Copying website files to output folder...

Copied 100 files
Copied 200 files
Copied 212 files for the website content
    Last step completed in 00:00:00.1390
</buildStep>
<buildStep step="CleanIntermediates">
Removing intermediate files...
    Last step completed in 00:00:00.0760
</buildStep>
<buildStep step="Completed">

Build completed successfully at 3/10/2017 3:03:18 PM.  Total time: 00:00:26.4236

</buildStep>
</shfbBuild>
